<?xml version="1.0" encoding="UTF-8" ?>
<testsuite failures="0" time="24.648" errors="2" skipped="0" tests="2" name="com.taotao.search.SolrCloudTest">
  <properties>
[...]
</properties>
  <testcase time="14.209" classname="com.taotao.search.SolrCloudTest" name="deleteDocument">
    <error message="java.util.concurrent.TimeoutException: Could not connect to ZooKeeper 192.168.25.154:2181,192.168.25.154:2182,192.168.25.154:2183 within 10000 ms" type="org.apache.solr.common.SolrException">org.apache.solr.common.SolrException: java.util.concurrent.TimeoutException: Could not connect to ZooKeeper 192.168.25.154:2181,192.168.25.154:2182,192.168.25.154:2183 within 10000 ms
	at org.apache.solr.common.cloud.SolrZkClient.&lt;init&gt;(SolrZkClient.java:163)
	at org.apache.solr.common.cloud.SolrZkClient.&lt;init&gt;(SolrZkClient.java:114)
	at org.apache.solr.common.cloud.SolrZkClient.&lt;init&gt;(SolrZkClient.java:104)
	at org.apache.solr.common.cloud.ZkStateReader.&lt;init&gt;(ZkStateReader.java:212)
	at org.apache.solr.client.solrj.impl.CloudSolrServer.connect(CloudSolrServer.java:241)
	at org.apache.solr.client.solrj.impl.CloudSolrServer.request(CloudSolrServer.java:524)
	at org.apache.solr.client.solrj.request.AbstractUpdateRequest.process(AbstractUpdateRequest.java:124)
	at org.apache.solr.client.solrj.SolrServer.deleteByQuery(SolrServer.java:285)
	at org.apache.solr.client.solrj.SolrServer.deleteByQuery(SolrServer.java:271)
	at com.taotao.search.SolrCloudTest.deleteDocument(SolrCloudTest.java:41)
	at sun.reflect.NativeMethodAccessorImpl.invoke0(Native Method)
	at sun.reflect.NativeMethodAccessorImpl.invoke(NativeMethodAccessorImpl.java:57)
	at sun.reflect.DelegatingMethodAccessorImpl.invoke(DelegatingMethodAccessorImpl.java:43)
	at java.lang.reflect.Method.invoke(Method.java:606)
	at org.junit.runners.model.FrameworkMethod$1.runReflectiveCall(FrameworkMethod.java:50)
	at org.junit.internal.runners.model.ReflectiveCallable.run(ReflectiveCallable.java:12)
	at org.junit.runners.model.FrameworkMethod.invokeExplosively(FrameworkMethod.java:47)
	at org.junit.internal.runners.statements.InvokeMethod.evaluate(InvokeMethod.java:17)
	at org.junit.runners.ParentRunner.runLeaf(ParentRunner.java:325)
	at org.junit.runners.BlockJUnit4ClassRunner.runChild(BlockJUnit4ClassRunner.java:78)
	at org.junit.runners.BlockJUnit4ClassRunner.runChild(BlockJUnit4ClassRunner.java:57)
	at org.junit.runners.ParentRunner$3.run(ParentRunner.java:290)
	at org.junit.runners.ParentRunner$1.schedule(ParentRunner.java:71)
	at org.junit.runners.ParentRunner.runChildren(ParentRunner.java:288)
	at org.junit.runners.ParentRunner.access$000(ParentRunner.java:58)
	at org.junit.runners.ParentRunner$2.evaluate(ParentRunner.java:268)
	at org.junit.runners.ParentRunner.run(ParentRunner.java:363)
	at org.apache.maven.surefire.junit4.JUnit4TestSet.execute(JUnit4TestSet.java:53)
	at org.apache.maven.surefire.junit4.JUnit4Provider.executeTestSet(JUnit4Provider.java:123)
	at org.apache.maven.surefire.junit4.JUnit4Provider.invoke(JUnit4Provider.java:104)
	at sun.reflect.NativeMethodAccessorImpl.invoke0(Native Method)
	at sun.reflect.NativeMethodAccessorImpl.invoke(NativeMethodAccessorImpl.java:57)
	at sun.reflect.DelegatingMethodAccessorImpl.invoke(DelegatingMethodAccessorImpl.java:43)
	at java.lang.reflect.Method.invoke(Method.java:606)
	at org.apache.maven.surefire.util.ReflectionUtils.invokeMethodWithArray(ReflectionUtils.java:164)
	at org.apache.maven.surefire.booter.ProviderFactory$ProviderProxy.invoke(ProviderFactory.java:110)
	at org.apache.maven.surefire.booter.SurefireStarter.invokeProvider(SurefireStarter.java:175)
	at org.apache.maven.surefire.booter.SurefireStarter.runSuitesInProcessWhenForked(SurefireStarter.java:107)
	at org.apache.maven.surefire.booter.ForkedBooter.main(ForkedBooter.java:68)
Caused by: java.util.concurrent.TimeoutException: Could not connect to ZooKeeper 192.168.25.154:2181,192.168.25.154:2182,192.168.25.154:2183 within 10000 ms
	at org.apache.solr.common.cloud.ConnectionManager.waitForConnected(ConnectionManager.java:223)
	at org.apache.solr.common.cloud.SolrZkClient.&lt;init&gt;(SolrZkClient.java:155)
	... 38 more
</error>
    <system-out>2019-04-24 11:42:45,596 [main] [org.apache.solr.client.solrj.impl.HttpClientUtil]-[DEBUG] Creating new http client, config:
2019-04-24 11:42:45,738 [main] [org.apache.zookeeper.ZooKeeper]-[INFO] Client environment:zookeeper.version=3.4.6-1569965, built on 02/20/2014 09:09 GMT
2019-04-24 11:42:45,738 [main] [org.apache.zookeeper.ZooKeeper]-[INFO] Client environment:host.name=BL-PC
2019-04-24 11:42:45,738 [main] [org.apache.zookeeper.ZooKeeper]-[INFO] Client environment:java.version=1.7.0_80
2019-04-24 11:42:45,738 [main] [org.apache.zookeeper.ZooKeeper]-[INFO] Client environment:java.vendor=Oracle Corporation
2019-04-24 11:42:45,739 [main] [org.apache.zookeeper.ZooKeeper]-[INFO] Client environment:java.home=D:\Program Files\Java\jdk1.7.0_80\jre
2019-04-24 11:42:45,739 [main] [org.apache.zookeeper.ZooKeeper]-[INFO] Client environment:java.class.path=D:\aaaaa\��ĿԴ��\taotao-search\target\test-classes;D:\aaaaa\��ĿԴ��\taotao-search\target\classes;D:\aaaaa\MavenRepository\.m2\repository\com\taotao\taotao-manager-mapper\0.0.1-SNAPSHOT\taotao-manager-mapper-0.0.1-SNAPSHOT.jar;D:\aaaaa\MavenRepository\.m2\repository\com\taotao\taotao-manager-pojo\0.0.1-SNAPSHOT\taotao-manager-pojo-0.0.1-SNAPSHOT.jar;D:\aaaaa\MavenRepository\.m2\repository\org\mybatis\mybatis\3.2.8\mybatis-3.2.8.jar;D:\aaaaa\MavenRepository\.m2\repository\org\mybatis\mybatis-spring\1.2.2\mybatis-spring-1.2.2.jar;D:\aaaaa\MavenRepository\.m2\repository\com\github\miemiedev\mybatis-paginator\1.2.15\mybatis-paginator-1.2.15.jar;D:\aaaaa\MavenRepository\.m2\repository\com\github\pagehelper\pagehelper\3.4.2-fix\pagehelper-3.4.2-fix.jar;D:\aaaaa\MavenRepository\.m2\repository\com\github\jsqlparser\jsqlparser\0.9\jsqlparser-0.9.jar;D:\aaaaa\MavenRepository\.m2\repository\junit\junit\4.12\junit-4.12.jar;D:\aaaaa\MavenRepository\.m2\repository\org\hamcrest\hamcrest-core\1.3\hamcrest-core-1.3.jar;D:\aaaaa\MavenRepository\.m2\repository\mysql\mysql-connector-java\5.1.32\mysql-connector-java-5.1.32.jar;D:\aaaaa\MavenRepository\.m2\repository\com\alibaba\druid\1.0.9\druid-1.0.9.jar;D:\Program Files\Java\jdk1.7.0_80\jre\..\lib\jconsole.jar;D:\Program Files\Java\jdk1.7.0_80\jre\..\lib\tools.jar;D:\aaaaa\MavenRepository\.m2\repository\com\taotao\taotao-common\0.0.1-SNAPSHOT\taotao-common-0.0.1-SNAPSHOT.jar;D:\aaaaa\MavenRepository\.m2\repository\joda-time\joda-time\2.5\joda-time-2.5.jar;D:\aaaaa\MavenRepository\.m2\repository\org\apache\commons\commons-lang3\3.3.2\commons-lang3-3.3.2.jar;D:\aaaaa\MavenRepository\.m2\repository\commons-net\commons-net\3.3\commons-net-3.3.jar;D:\aaaaa\MavenRepository\.m2\repository\com\fasterxml\jackson\core\jackson-databind\2.4.2\jackson-databind-2.4.2.jar;D:\aaaaa\MavenRepository\.m2\repository\com\fasterxml\jackson\core\jackson-annotations\2.4.0\jackson-annotations-2.4.0.jar;D:\aaaaa\MavenRepository\.m2\repository\com\fasterxml\jackson\core\jackson-core\2.4.2\jackson-core-2.4.2.jar;D:\aaaaa\MavenRepository\.m2\repository\org\slf4j\slf4j-log4j12\1.6.4\slf4j-log4j12-1.6.4.jar;D:\aaaaa\MavenRepository\.m2\repository\log4j\log4j\1.2.16\log4j-1.2.16.jar;D:\aaaaa\MavenRepository\.m2\repository\org\springframework\spring-context\4.1.3.RELEASE\spring-context-4.1.3.RELEASE.jar;D:\aaaaa\MavenRepository\.m2\repository\org\springframework\spring-aop\4.1.3.RELEASE\spring-aop-4.1.3.RELEASE.jar;D:\aaaaa\MavenRepository\.m2\repository\aopalliance\aopalliance\1.0\aopalliance-1.0.jar;D:\aaaaa\MavenRepository\.m2\repository\org\springframework\spring-core\4.1.3.RELEASE\spring-core-4.1.3.RELEASE.jar;D:\aaaaa\MavenRepository\.m2\repository\commons-logging\commons-logging\1.2\commons-logging-1.2.jar;D:\aaaaa\MavenRepository\.m2\repository\org\springframework\spring-expression\4.1.3.RELEASE\spring-expression-4.1.3.RELEASE.jar;D:\aaaaa\MavenRepository\.m2\repository\org\springframework\spring-beans\4.1.3.RELEASE\spring-beans-4.1.3.RELEASE.jar;D:\aaaaa\MavenRepository\.m2\repository\org\springframework\spring-webmvc\4.1.3.RELEASE\spring-webmvc-4.1.3.RELEASE.jar;D:\aaaaa\MavenRepository\.m2\repository\org\springframework\spring-web\4.1.3.RELEASE\spring-web-4.1.3.RELEASE.jar;D:\aaaaa\MavenRepository\.m2\repository\org\springframework\spring-jdbc\4.1.3.RELEASE\spring-jdbc-4.1.3.RELEASE.jar;D:\aaaaa\MavenRepository\.m2\repository\org\springframework\spring-tx\4.1.3.RELEASE\spring-tx-4.1.3.RELEASE.jar;D:\aaaaa\MavenRepository\.m2\repository\org\springframework\spring-aspects\4.1.3.RELEASE\spring-aspects-4.1.3.RELEASE.jar;D:\aaaaa\MavenRepository\.m2\repository\org\aspectj\aspectjweaver\1.8.4\aspectjweaver-1.8.4.jar;D:\aaaaa\MavenRepository\.m2\repository\javax\servlet\servlet-api\2.5\servlet-api-2.5.jar;D:\aaaaa\MavenRepository\.m2\repository\javax\servlet\jsp-api\2.0\jsp-api-2.0.jar;D:\aaaaa\MavenRepository\.m2\repository\org\apache\solr\solr-solrj\4.10.3\solr-solrj-4.10.3.jar;D:\aaaaa\MavenRepository\.m2\repository\commons-io\commons-io\2.3\commons-io-2.3.jar;D:\aaaaa\MavenRepository\.m2\repository\org\apache\httpcomponents\httpclient\4.3.5\httpclient-4.3.5.jar;D:\aaaaa\MavenRepository\.m2\repository\org\apache\httpcomponents\httpcore\4.3\httpcore-4.3.jar;D:\aaaaa\MavenRepository\.m2\repository\org\apache\httpcomponents\httpmime\4.3.1\httpmime-4.3.1.jar;D:\aaaaa\MavenRepository\.m2\repository\org\apache\zookeeper\zookeeper\3.4.6\zookeeper-3.4.6.jar;D:\aaaaa\MavenRepository\.m2\repository\org\codehaus\woodstox\wstx-asl\3.2.7\wstx-asl-3.2.7.jar;D:\aaaaa\MavenRepository\.m2\repository\org\noggit\noggit\0.5\noggit-0.5.jar;D:\aaaaa\MavenRepository\.m2\repository\org\slf4j\slf4j-api\1.7.6\slf4j-api-1.7.6.jar;
2019-04-24 11:42:45,741 [main] [org.apache.zookeeper.ZooKeeper]-[INFO] Client environment:java.library.path=D:\Program Files\Java\jdk1.7.0_80\jre\bin;C:\Windows\Sun\Java\bin;C:\Windows\system32;C:\Windows;D:/Program Files/Java/jdk1.7.0_80/bin/../jre/bin/server;D:/Program Files/Java/jdk1.7.0_80/bin/../jre/bin;D:/Program Files/Java/jdk1.7.0_80/bin/../jre/lib/amd64;E:\app\Administrator\product\11.2.0\client_2\bin;E:\app\Administrator\product\11.2.0\client_1;E:\app\Administrator\product\11.2.0\dbhome_1\bin;C:\Program Files (x86)\Common Files\NetSarang;C:\Windows\system32;C:\Windows;C:\Windows\System32\Wbem;C:\Windows\System32\WindowsPowerShell\v1.0\;D:\Program Files\TortoiseSVN\bin;D:\Program Files\Java\jdk1.7.0_80\bin;D:\Program Files\Java\jdk1.7.0_80\jre\bin;D:\Program Files\Java\jre7;D:\Program Files\Git\cmd;D:\Program Files\TortoiseGit\bin;D:\apache-maven-3.5.4-bin\apache-maven-3.5.4\bin;C:\Program Files\ThinkPad\Bluetooth Software\;C:\Program Files\ThinkPad\Bluetooth Software\syswow64;;D:\eclipse\eclipse;;.
2019-04-24 11:42:45,742 [main] [org.apache.zookeeper.ZooKeeper]-[INFO] Client environment:java.io.tmpdir=C:\Users\ADMINI~1\AppData\Local\Temp\
2019-04-24 11:42:45,742 [main] [org.apache.zookeeper.ZooKeeper]-[INFO] Client environment:java.compiler=&lt;NA&gt;
2019-04-24 11:42:45,742 [main] [org.apache.zookeeper.ZooKeeper]-[INFO] Client environment:os.name=Windows 7
2019-04-24 11:42:45,742 [main] [org.apache.zookeeper.ZooKeeper]-[INFO] Client environment:os.arch=amd64
2019-04-24 11:42:45,743 [main] [org.apache.zookeeper.ZooKeeper]-[INFO] Client environment:os.version=6.1
2019-04-24 11:42:45,743 [main] [org.apache.zookeeper.ZooKeeper]-[INFO] Client environment:user.name=Administrator
2019-04-24 11:42:45,743 [main] [org.apache.zookeeper.ZooKeeper]-[INFO] Client environment:user.home=C:\Users\Administrator
2019-04-24 11:42:45,743 [main] [org.apache.zookeeper.ZooKeeper]-[INFO] Client environment:user.dir=D:\aaaaa\��ĿԴ��\taotao-search
2019-04-24 11:42:45,746 [main] [org.apache.zookeeper.ZooKeeper]-[INFO] Initiating client connection, connectString=192.168.25.154:2181,192.168.25.154:2182,192.168.25.154:2183 sessionTimeout=10000 watcher=org.apache.solr.common.cloud.ConnectionManager@24150b2d
2019-04-24 11:42:45,755 [main] [org.apache.zookeeper.ClientCnxn]-[DEBUG] zookeeper.disableAutoWatchReset is false
2019-04-24 11:42:45,826 [main] [org.apache.solr.common.cloud.ConnectionManager]-[INFO] Waiting for client to connect to ZooKeeper
2019-04-24 11:42:45,839 [main-SendThread(192.168.25.154:2183)] [org.apache.zookeeper.ClientCnxn]-[INFO] Opening socket connection to server 192.168.25.154/192.168.25.154:2183. Will not attempt to authenticate using SASL (unknown error)
2019-04-24 11:42:49,174 [main-SendThread(192.168.25.154:2183)] [org.apache.zookeeper.ClientCnxn]-[INFO] Client session timed out, have not heard from server in 3348ms for sessionid 0x0, closing socket connection and attempting reconnect
2019-04-24 11:42:49,175 [main-SendThread(192.168.25.154:2183)] [org.apache.zookeeper.ClientCnxnSocketNIO]-[DEBUG] Ignoring exception during shutdown input
java.net.SocketException: Socket is not connected
	at sun.nio.ch.Net.translateToSocketException(Net.java:129)
	at sun.nio.ch.Net.translateException(Net.java:163)
	at sun.nio.ch.Net.translateException(Net.java:169)
	at sun.nio.ch.SocketAdaptor.shutdownInput(SocketAdaptor.java:428)
	at org.apache.zookeeper.ClientCnxnSocketNIO.cleanup(ClientCnxnSocketNIO.java:200)
	at org.apache.zookeeper.ClientCnxn$SendThread.cleanup(ClientCnxn.java:1185)
	at org.apache.zookeeper.ClientCnxn$SendThread.run(ClientCnxn.java:1110)
Caused by: java.nio.channels.NotYetConnectedException
	at sun.nio.ch.SocketChannelImpl.shutdownInput(SocketChannelImpl.java:809)
	at sun.nio.ch.SocketAdaptor.shutdownInput(SocketAdaptor.java:426)
	... 3 more
2019-04-24 11:42:49,178 [main-SendThread(192.168.25.154:2183)] [org.apache.zookeeper.ClientCnxnSocketNIO]-[DEBUG] Ignoring exception during shutdown output
java.net.SocketException: Socket is not connected
	at sun.nio.ch.Net.translateToSocketException(Net.java:129)
	at sun.nio.ch.Net.translateException(Net.java:163)
	at sun.nio.ch.Net.translateException(Net.java:169)
	at sun.nio.ch.SocketAdaptor.shutdownOutput(SocketAdaptor.java:436)
	at org.apache.zookeeper.ClientCnxnSocketNIO.cleanup(ClientCnxnSocketNIO.java:207)
	at org.apache.zookeeper.ClientCnxn$SendThread.cleanup(ClientCnxn.java:1185)
	at org.apache.zookeeper.ClientCnxn$SendThread.run(ClientCnxn.java:1110)
Caused by: java.nio.channels.NotYetConnectedException
	at sun.nio.ch.SocketChannelImpl.shutdownOutput(SocketChannelImpl.java:826)
	at sun.nio.ch.SocketAdaptor.shutdownOutput(SocketAdaptor.java:434)
	... 3 more
2019-04-24 11:42:49,290 [main-SendThread(192.168.25.154:2182)] [org.apache.zookeeper.ClientCnxn]-[INFO] Opening socket connection to server 192.168.25.154/192.168.25.154:2182. Will not attempt to authenticate using SASL (unknown error)
2019-04-24 11:42:52,624 [main-SendThread(192.168.25.154:2182)] [org.apache.zookeeper.ClientCnxn]-[INFO] Client session timed out, have not heard from server in 3334ms for sessionid 0x0, closing socket connection and attempting reconnect
2019-04-24 11:42:52,624 [main-SendThread(192.168.25.154:2182)] [org.apache.zookeeper.ClientCnxnSocketNIO]-[DEBUG] Ignoring exception during shutdown input
java.net.SocketException: Socket is not connected
	at sun.nio.ch.Net.translateToSocketException(Net.java:129)
	at sun.nio.ch.Net.translateException(Net.java:163)
	at sun.nio.ch.Net.translateException(Net.java:169)
	at sun.nio.ch.SocketAdaptor.shutdownInput(SocketAdaptor.java:428)
	at org.apache.zookeeper.ClientCnxnSocketNIO.cleanup(ClientCnxnSocketNIO.java:200)
	at org.apache.zookeeper.ClientCnxn$SendThread.cleanup(ClientCnxn.java:1185)
	at org.apache.zookeeper.ClientCnxn$SendThread.run(ClientCnxn.java:1110)
Caused by: java.nio.channels.NotYetConnectedException
	at sun.nio.ch.SocketChannelImpl.shutdownInput(SocketChannelImpl.java:809)
	at sun.nio.ch.SocketAdaptor.shutdownInput(SocketAdaptor.java:426)
	... 3 more
2019-04-24 11:42:52,624 [main-SendThread(192.168.25.154:2182)] [org.apache.zookeeper.ClientCnxnSocketNIO]-[DEBUG] Ignoring exception during shutdown output
java.net.SocketException: Socket is not connected
	at sun.nio.ch.Net.translateToSocketException(Net.java:129)
	at sun.nio.ch.Net.translateException(Net.java:163)
	at sun.nio.ch.Net.translateException(Net.java:169)
	at sun.nio.ch.SocketAdaptor.shutdownOutput(SocketAdaptor.java:436)
	at org.apache.zookeeper.ClientCnxnSocketNIO.cleanup(ClientCnxnSocketNIO.java:207)
	at org.apache.zookeeper.ClientCnxn$SendThread.cleanup(ClientCnxn.java:1185)
	at org.apache.zookeeper.ClientCnxn$SendThread.run(ClientCnxn.java:1110)
Caused by: java.nio.channels.NotYetConnectedException
	at sun.nio.ch.SocketChannelImpl.shutdownOutput(SocketChannelImpl.java:826)
	at sun.nio.ch.SocketAdaptor.shutdownOutput(SocketAdaptor.java:434)
	... 3 more
2019-04-24 11:42:52,725 [main-SendThread(192.168.25.154:2181)] [org.apache.zookeeper.ClientCnxn]-[INFO] Opening socket connection to server 192.168.25.154/192.168.25.154:2181. Will not attempt to authenticate using SASL (unknown error)
2019-04-24 11:42:56,058 [main-SendThread(192.168.25.154:2181)] [org.apache.zookeeper.ClientCnxn]-[INFO] Client session timed out, have not heard from server in 3333ms for sessionid 0x0, closing socket connection and attempting reconnect
2019-04-24 11:42:56,058 [main-SendThread(192.168.25.154:2181)] [org.apache.zookeeper.ClientCnxnSocketNIO]-[DEBUG] Ignoring exception during shutdown input
java.net.SocketException: Socket is not connected
	at sun.nio.ch.Net.translateToSocketException(Net.java:129)
	at sun.nio.ch.Net.translateException(Net.java:163)
	at sun.nio.ch.Net.translateException(Net.java:169)
	at sun.nio.ch.SocketAdaptor.shutdownInput(SocketAdaptor.java:428)
	at org.apache.zookeeper.ClientCnxnSocketNIO.cleanup(ClientCnxnSocketNIO.java:200)
	at org.apache.zookeeper.ClientCnxn$SendThread.cleanup(ClientCnxn.java:1185)
	at org.apache.zookeeper.ClientCnxn$SendThread.run(ClientCnxn.java:1110)
Caused by: java.nio.channels.NotYetConnectedException
	at sun.nio.ch.SocketChannelImpl.shutdownInput(SocketChannelImpl.java:809)
	at sun.nio.ch.SocketAdaptor.shutdownInput(SocketAdaptor.java:426)
	... 3 more
2019-04-24 11:42:56,058 [main-SendThread(192.168.25.154:2181)] [org.apache.zookeeper.ClientCnxnSocketNIO]-[DEBUG] Ignoring exception during shutdown output
java.net.SocketException: Socket is not connected
	at sun.nio.ch.Net.translateToSocketException(Net.java:129)
	at sun.nio.ch.Net.translateException(Net.java:163)
	at sun.nio.ch.Net.translateException(Net.java:169)
	at sun.nio.ch.SocketAdaptor.shutdownOutput(SocketAdaptor.java:436)
	at org.apache.zookeeper.ClientCnxnSocketNIO.cleanup(ClientCnxnSocketNIO.java:207)
	at org.apache.zookeeper.ClientCnxn$SendThread.cleanup(ClientCnxn.java:1185)
	at org.apache.zookeeper.ClientCnxn$SendThread.run(ClientCnxn.java:1110)
Caused by: java.nio.channels.NotYetConnectedException
	at sun.nio.ch.SocketChannelImpl.shutdownOutput(SocketChannelImpl.java:826)
	at sun.nio.ch.SocketAdaptor.shutdownOutput(SocketAdaptor.java:434)
	... 3 more
2019-04-24 11:42:56,327 [main] [org.apache.zookeeper.ZooKeeper]-[DEBUG] Closing session: 0x0
2019-04-24 11:42:56,327 [main] [org.apache.zookeeper.ClientCnxn]-[DEBUG] Closing client for session: 0x0
2019-04-24 11:42:57,159 [main-SendThread(192.168.25.154:2183)] [org.apache.zookeeper.ClientCnxn]-[INFO] Opening socket connection to server 192.168.25.154/192.168.25.154:2183. Will not attempt to authenticate using SASL (unknown error)
2019-04-24 11:42:59,492 [main-SendThread(192.168.25.154:2183)] [org.apache.zookeeper.ClientCnxn]-[DEBUG] An exception was thrown while closing send thread for session 0x0 : Client session timed out, have not heard from server in 3333ms for sessionid 0x0
2019-04-24 11:42:59,492 [main-SendThread(192.168.25.154:2183)] [org.apache.zookeeper.ClientCnxnSocketNIO]-[DEBUG] Ignoring exception during shutdown input
java.net.SocketException: Socket is not connected
	at sun.nio.ch.Net.translateToSocketException(Net.java:129)
	at sun.nio.ch.Net.translateException(Net.java:163)
	at sun.nio.ch.Net.translateException(Net.java:169)
	at sun.nio.ch.SocketAdaptor.shutdownInput(SocketAdaptor.java:428)
	at org.apache.zookeeper.ClientCnxnSocketNIO.cleanup(ClientCnxnSocketNIO.java:200)
	at org.apache.zookeeper.ClientCnxn$SendThread.cleanup(ClientCnxn.java:1185)
	at org.apache.zookeeper.ClientCnxn$SendThread.run(ClientCnxn.java:1122)
Caused by: java.nio.channels.NotYetConnectedException
	at sun.nio.ch.SocketChannelImpl.shutdownInput(SocketChannelImpl.java:809)
	at sun.nio.ch.SocketAdaptor.shutdownInput(SocketAdaptor.java:426)
	... 3 more
2019-04-24 11:42:59,492 [main-SendThread(192.168.25.154:2183)] [org.apache.zookeeper.ClientCnxnSocketNIO]-[DEBUG] Ignoring exception during shutdown output
java.net.SocketException: Socket is not connected
	at sun.nio.ch.Net.translateToSocketException(Net.java:129)
	at sun.nio.ch.Net.translateException(Net.java:163)
	at sun.nio.ch.Net.translateException(Net.java:169)
	at sun.nio.ch.SocketAdaptor.shutdownOutput(SocketAdaptor.java:436)
	at org.apache.zookeeper.ClientCnxnSocketNIO.cleanup(ClientCnxnSocketNIO.java:207)
	at org.apache.zookeeper.ClientCnxn$SendThread.cleanup(ClientCnxn.java:1185)
	at org.apache.zookeeper.ClientCnxn$SendThread.run(ClientCnxn.java:1122)
Caused by: java.nio.channels.NotYetConnectedException
	at sun.nio.ch.SocketChannelImpl.shutdownOutput(SocketChannelImpl.java:826)
	at sun.nio.ch.SocketAdaptor.shutdownOutput(SocketAdaptor.java:434)
	... 3 more
2019-04-24 11:42:59,597 [main] [org.apache.zookeeper.ClientCnxn]-[DEBUG] Disconnecting client for session: 0x0
2019-04-24 11:42:59,598 [main] [org.apache.zookeeper.ZooKeeper]-[INFO] Session: 0x0 closed
2019-04-24 11:42:59,620 [main-EventThread] [org.apache.zookeeper.ClientCnxn]-[INFO] EventThread shut down
</system-out>
  </testcase>
  <testcase time="10.312" classname="com.taotao.search.SolrCloudTest" name="testAddDocument">
    <error message="java.util.concurrent.TimeoutException: Could not connect to ZooKeeper 192.168.25.154:2181,192.168.25.154:2182,192.168.25.154:2183 within 10000 ms" type="org.apache.solr.common.SolrException">org.apache.solr.common.SolrException: java.util.concurrent.TimeoutException: Could not connect to ZooKeeper 192.168.25.154:2181,192.168.25.154:2182,192.168.25.154:2183 within 10000 ms
	at org.apache.solr.common.cloud.SolrZkClient.&lt;init&gt;(SolrZkClient.java:163)
	at org.apache.solr.common.cloud.SolrZkClient.&lt;init&gt;(SolrZkClient.java:114)
	at org.apache.solr.common.cloud.SolrZkClient.&lt;init&gt;(SolrZkClient.java:104)
	at org.apache.solr.common.cloud.ZkStateReader.&lt;init&gt;(ZkStateReader.java:212)
	at org.apache.solr.client.solrj.impl.CloudSolrServer.connect(CloudSolrServer.java:241)
	at org.apache.solr.client.solrj.impl.CloudSolrServer.request(CloudSolrServer.java:524)
	at org.apache.solr.client.solrj.request.AbstractUpdateRequest.process(AbstractUpdateRequest.java:124)
	at org.apache.solr.client.solrj.SolrServer.add(SolrServer.java:116)
	at org.apache.solr.client.solrj.SolrServer.add(SolrServer.java:102)
	at com.taotao.search.SolrCloudTest.testAddDocument(SolrCloudTest.java:26)
	at sun.reflect.NativeMethodAccessorImpl.invoke0(Native Method)
	at sun.reflect.NativeMethodAccessorImpl.invoke(NativeMethodAccessorImpl.java:57)
	at sun.reflect.DelegatingMethodAccessorImpl.invoke(DelegatingMethodAccessorImpl.java:43)
	at java.lang.reflect.Method.invoke(Method.java:606)
	at org.junit.runners.model.FrameworkMethod$1.runReflectiveCall(FrameworkMethod.java:50)
	at org.junit.internal.runners.model.ReflectiveCallable.run(ReflectiveCallable.java:12)
	at org.junit.runners.model.FrameworkMethod.invokeExplosively(FrameworkMethod.java:47)
	at org.junit.internal.runners.statements.InvokeMethod.evaluate(InvokeMethod.java:17)
	at org.junit.runners.ParentRunner.runLeaf(ParentRunner.java:325)
	at org.junit.runners.BlockJUnit4ClassRunner.runChild(BlockJUnit4ClassRunner.java:78)
	at org.junit.runners.BlockJUnit4ClassRunner.runChild(BlockJUnit4ClassRunner.java:57)
	at org.junit.runners.ParentRunner$3.run(ParentRunner.java:290)
	at org.junit.runners.ParentRunner$1.schedule(ParentRunner.java:71)
	at org.junit.runners.ParentRunner.runChildren(ParentRunner.java:288)
	at org.junit.runners.ParentRunner.access$000(ParentRunner.java:58)
	at org.junit.runners.ParentRunner$2.evaluate(ParentRunner.java:268)
	at org.junit.runners.ParentRunner.run(ParentRunner.java:363)
	at org.apache.maven.surefire.junit4.JUnit4TestSet.execute(JUnit4TestSet.java:53)
	at org.apache.maven.surefire.junit4.JUnit4Provider.executeTestSet(JUnit4Provider.java:123)
	at org.apache.maven.surefire.junit4.JUnit4Provider.invoke(JUnit4Provider.java:104)
	at sun.reflect.NativeMethodAccessorImpl.invoke0(Native Method)
	at sun.reflect.NativeMethodAccessorImpl.invoke(NativeMethodAccessorImpl.java:57)
	at sun.reflect.DelegatingMethodAccessorImpl.invoke(DelegatingMethodAccessorImpl.java:43)
	at java.lang.reflect.Method.invoke(Method.java:606)
	at org.apache.maven.surefire.util.ReflectionUtils.invokeMethodWithArray(ReflectionUtils.java:164)
	at org.apache.maven.surefire.booter.ProviderFactory$ProviderProxy.invoke(ProviderFactory.java:110)
	at org.apache.maven.surefire.booter.SurefireStarter.invokeProvider(SurefireStarter.java:175)
	at org.apache.maven.surefire.booter.SurefireStarter.runSuitesInProcessWhenForked(SurefireStarter.java:107)
	at org.apache.maven.surefire.booter.ForkedBooter.main(ForkedBooter.java:68)
Caused by: java.util.concurrent.TimeoutException: Could not connect to ZooKeeper 192.168.25.154:2181,192.168.25.154:2182,192.168.25.154:2183 within 10000 ms
	at org.apache.solr.common.cloud.ConnectionManager.waitForConnected(ConnectionManager.java:223)
	at org.apache.solr.common.cloud.SolrZkClient.&lt;init&gt;(SolrZkClient.java:155)
	... 38 more
</error>
    <system-out>2019-04-24 11:42:59,624 [main] [org.apache.solr.client.solrj.impl.HttpClientUtil]-[DEBUG] Creating new http client, config:
2019-04-24 11:42:59,626 [main] [org.apache.zookeeper.ZooKeeper]-[INFO] Initiating client connection, connectString=192.168.25.154:2181,192.168.25.154:2182,192.168.25.154:2183 sessionTimeout=10000 watcher=org.apache.solr.common.cloud.ConnectionManager@3c4a19e2
2019-04-24 11:42:59,638 [main-SendThread(192.168.25.154:2182)] [org.apache.zookeeper.ClientCnxn]-[INFO] Opening socket connection to server 192.168.25.154/192.168.25.154:2182. Will not attempt to authenticate using SASL (unknown error)
2019-04-24 11:42:59,642 [main] [org.apache.solr.common.cloud.ConnectionManager]-[INFO] Waiting for client to connect to ZooKeeper
2019-04-24 11:43:02,972 [main-SendThread(192.168.25.154:2182)] [org.apache.zookeeper.ClientCnxn]-[INFO] Client session timed out, have not heard from server in 3334ms for sessionid 0x0, closing socket connection and attempting reconnect
2019-04-24 11:43:02,972 [main-SendThread(192.168.25.154:2182)] [org.apache.zookeeper.ClientCnxnSocketNIO]-[DEBUG] Ignoring exception during shutdown input
java.net.SocketException: Socket is not connected
	at sun.nio.ch.Net.translateToSocketException(Net.java:129)
	at sun.nio.ch.Net.translateException(Net.java:163)
	at sun.nio.ch.Net.translateException(Net.java:169)
	at sun.nio.ch.SocketAdaptor.shutdownInput(SocketAdaptor.java:428)
	at org.apache.zookeeper.ClientCnxnSocketNIO.cleanup(ClientCnxnSocketNIO.java:200)
	at org.apache.zookeeper.ClientCnxn$SendThread.cleanup(ClientCnxn.java:1185)
	at org.apache.zookeeper.ClientCnxn$SendThread.run(ClientCnxn.java:1110)
Caused by: java.nio.channels.NotYetConnectedException
	at sun.nio.ch.SocketChannelImpl.shutdownInput(SocketChannelImpl.java:809)
	at sun.nio.ch.SocketAdaptor.shutdownInput(SocketAdaptor.java:426)
	... 3 more
2019-04-24 11:43:02,972 [main-SendThread(192.168.25.154:2182)] [org.apache.zookeeper.ClientCnxnSocketNIO]-[DEBUG] Ignoring exception during shutdown output
java.net.SocketException: Socket is not connected
	at sun.nio.ch.Net.translateToSocketException(Net.java:129)
	at sun.nio.ch.Net.translateException(Net.java:163)
	at sun.nio.ch.Net.translateException(Net.java:169)
	at sun.nio.ch.SocketAdaptor.shutdownOutput(SocketAdaptor.java:436)
	at org.apache.zookeeper.ClientCnxnSocketNIO.cleanup(ClientCnxnSocketNIO.java:207)
	at org.apache.zookeeper.ClientCnxn$SendThread.cleanup(ClientCnxn.java:1185)
	at org.apache.zookeeper.ClientCnxn$SendThread.run(ClientCnxn.java:1110)
Caused by: java.nio.channels.NotYetConnectedException
	at sun.nio.ch.SocketChannelImpl.shutdownOutput(SocketChannelImpl.java:826)
	at sun.nio.ch.SocketAdaptor.shutdownOutput(SocketAdaptor.java:434)
	... 3 more
2019-04-24 11:43:03,073 [main-SendThread(192.168.25.154:2181)] [org.apache.zookeeper.ClientCnxn]-[INFO] Opening socket connection to server 192.168.25.154/192.168.25.154:2181. Will not attempt to authenticate using SASL (unknown error)
2019-04-24 11:43:06,408 [main-SendThread(192.168.25.154:2181)] [org.apache.zookeeper.ClientCnxn]-[INFO] Client session timed out, have not heard from server in 3335ms for sessionid 0x0, closing socket connection and attempting reconnect
2019-04-24 11:43:06,408 [main-SendThread(192.168.25.154:2181)] [org.apache.zookeeper.ClientCnxnSocketNIO]-[DEBUG] Ignoring exception during shutdown input
java.net.SocketException: Socket is not connected
	at sun.nio.ch.Net.translateToSocketException(Net.java:129)
	at sun.nio.ch.Net.translateException(Net.java:163)
	at sun.nio.ch.Net.translateException(Net.java:169)
	at sun.nio.ch.SocketAdaptor.shutdownInput(SocketAdaptor.java:428)
	at org.apache.zookeeper.ClientCnxnSocketNIO.cleanup(ClientCnxnSocketNIO.java:200)
	at org.apache.zookeeper.ClientCnxn$SendThread.cleanup(ClientCnxn.java:1185)
	at org.apache.zookeeper.ClientCnxn$SendThread.run(ClientCnxn.java:1110)
Caused by: java.nio.channels.NotYetConnectedException
	at sun.nio.ch.SocketChannelImpl.shutdownInput(SocketChannelImpl.java:809)
	at sun.nio.ch.SocketAdaptor.shutdownInput(SocketAdaptor.java:426)
	... 3 more
2019-04-24 11:43:06,408 [main-SendThread(192.168.25.154:2181)] [org.apache.zookeeper.ClientCnxnSocketNIO]-[DEBUG] Ignoring exception during shutdown output
java.net.SocketException: Socket is not connected
	at sun.nio.ch.Net.translateToSocketException(Net.java:129)
	at sun.nio.ch.Net.translateException(Net.java:163)
	at sun.nio.ch.Net.translateException(Net.java:169)
	at sun.nio.ch.SocketAdaptor.shutdownOutput(SocketAdaptor.java:436)
	at org.apache.zookeeper.ClientCnxnSocketNIO.cleanup(ClientCnxnSocketNIO.java:207)
	at org.apache.zookeeper.ClientCnxn$SendThread.cleanup(ClientCnxn.java:1185)
	at org.apache.zookeeper.ClientCnxn$SendThread.run(ClientCnxn.java:1110)
Caused by: java.nio.channels.NotYetConnectedException
	at sun.nio.ch.SocketChannelImpl.shutdownOutput(SocketChannelImpl.java:826)
	at sun.nio.ch.SocketAdaptor.shutdownOutput(SocketAdaptor.java:434)
	... 3 more
2019-04-24 11:43:06,512 [main-SendThread(192.168.25.154:2183)] [org.apache.zookeeper.ClientCnxn]-[INFO] Opening socket connection to server 192.168.25.154/192.168.25.154:2183. Will not attempt to authenticate using SASL (unknown error)
2019-04-24 11:43:09,644 [main] [org.apache.zookeeper.ZooKeeper]-[DEBUG] Closing session: 0x0
2019-04-24 11:43:09,644 [main] [org.apache.zookeeper.ClientCnxn]-[DEBUG] Closing client for session: 0x0
2019-04-24 11:43:09,845 [main-SendThread(192.168.25.154:2183)] [org.apache.zookeeper.ClientCnxn]-[DEBUG] An exception was thrown while closing send thread for session 0x0 : Client session timed out, have not heard from server in 3333ms for sessionid 0x0
2019-04-24 11:43:09,845 [main-SendThread(192.168.25.154:2183)] [org.apache.zookeeper.ClientCnxnSocketNIO]-[DEBUG] Ignoring exception during shutdown input
java.net.SocketException: Socket is not connected
	at sun.nio.ch.Net.translateToSocketException(Net.java:129)
	at sun.nio.ch.Net.translateException(Net.java:163)
	at sun.nio.ch.Net.translateException(Net.java:169)
	at sun.nio.ch.SocketAdaptor.shutdownInput(SocketAdaptor.java:428)
	at org.apache.zookeeper.ClientCnxnSocketNIO.cleanup(ClientCnxnSocketNIO.java:200)
	at org.apache.zookeeper.ClientCnxn$SendThread.cleanup(ClientCnxn.java:1185)
	at org.apache.zookeeper.ClientCnxn$SendThread.run(ClientCnxn.java:1122)
Caused by: java.nio.channels.NotYetConnectedException
	at sun.nio.ch.SocketChannelImpl.shutdownInput(SocketChannelImpl.java:809)
	at sun.nio.ch.SocketAdaptor.shutdownInput(SocketAdaptor.java:426)
	... 3 more
2019-04-24 11:43:09,845 [main-SendThread(192.168.25.154:2183)] [org.apache.zookeeper.ClientCnxnSocketNIO]-[DEBUG] Ignoring exception during shutdown output
java.net.SocketException: Socket is not connected
	at sun.nio.ch.Net.translateToSocketException(Net.java:129)
	at sun.nio.ch.Net.translateException(Net.java:163)
	at sun.nio.ch.Net.translateException(Net.java:169)
	at sun.nio.ch.SocketAdaptor.shutdownOutput(SocketAdaptor.java:436)
	at org.apache.zookeeper.ClientCnxnSocketNIO.cleanup(ClientCnxnSocketNIO.java:207)
	at org.apache.zookeeper.ClientCnxn$SendThread.cleanup(ClientCnxn.java:1185)
	at org.apache.zookeeper.ClientCnxn$SendThread.run(ClientCnxn.java:1122)
Caused by: java.nio.channels.NotYetConnectedException
	at sun.nio.ch.SocketChannelImpl.shutdownOutput(SocketChannelImpl.java:826)
	at sun.nio.ch.SocketAdaptor.shutdownOutput(SocketAdaptor.java:434)
	... 3 more
2019-04-24 11:43:09,945 [main] [org.apache.zookeeper.ClientCnxn]-[DEBUG] Disconnecting client for session: 0x0
2019-04-24 11:43:09,945 [main] [org.apache.zookeeper.ZooKeeper]-[INFO] Session: 0x0 closed
2019-04-24 11:43:09,945 [main-EventThread] [org.apache.zookeeper.ClientCnxn]-[INFO] EventThread shut down
</system-out>
  </testcase>
</testsuite>