<?xml version="1.0" encoding="UTF-8" ?>
<testsuite failures="0" time="1.489" errors="1" skipped="0" tests="1" name="com.taotao.controller.TestPageHelper">
  <properties>
[...]
</properties>
  <testcase time="1.488" classname="com.taotao.controller.TestPageHelper" name="testPageHelper">
    <error message="Invalid bean definition with name &apos;dataSource&apos; defined in file [D:\aaaaa\项目源码\taotao-manager\taotao-manager-web\target\classes\spring\applicationContext-dao.xml]: Could not resolve placeholder &apos;jdbc.username&apos; in string value &quot;${jdbc.username}&quot;; nested exception is java.lang.IllegalArgumentException: Could not resolve placeholder &apos;jdbc.username&apos; in string value &quot;${jdbc.username}&quot;" type="org.springframework.beans.factory.BeanDefinitionStoreException">org.springframework.beans.factory.BeanDefinitionStoreException: Invalid bean definition with name &apos;dataSource&apos; defined in file [D:\aaaaa\项目源码\taotao-manager\taotao-manager-web\target\classes\spring\applicationContext-dao.xml]: Could not resolve placeholder &apos;jdbc.username&apos; in string value &quot;${jdbc.username}&quot;; nested exception is java.lang.IllegalArgumentException: Could not resolve placeholder &apos;jdbc.username&apos; in string value &quot;${jdbc.username}&quot;
	at org.springframework.beans.factory.config.PlaceholderConfigurerSupport.doProcessProperties(PlaceholderConfigurerSupport.java:211)
	at org.springframework.context.support.PropertySourcesPlaceholderConfigurer.processProperties(PropertySourcesPlaceholderConfigurer.java:180)
	at org.springframework.context.support.PropertySourcesPlaceholderConfigurer.postProcessBeanFactory(PropertySourcesPlaceholderConfigurer.java:155)
	at org.springframework.context.support.PostProcessorRegistrationDelegate.invokeBeanFactoryPostProcessors(PostProcessorRegistrationDelegate.java:265)
	at org.springframework.context.support.PostProcessorRegistrationDelegate.invokeBeanFactoryPostProcessors(PostProcessorRegistrationDelegate.java:162)
	at org.springframework.context.support.AbstractApplicationContext.invokeBeanFactoryPostProcessors(AbstractApplicationContext.java:606)
	at org.springframework.context.support.AbstractApplicationContext.refresh(AbstractApplicationContext.java:462)
	at org.springframework.context.support.ClassPathXmlApplicationContext.&lt;init&gt;(ClassPathXmlApplicationContext.java:139)
	at org.springframework.context.support.ClassPathXmlApplicationContext.&lt;init&gt;(ClassPathXmlApplicationContext.java:83)
	at com.taotao.controller.TestPageHelper.testPageHelper(TestPageHelper.java:20)
	at sun.reflect.NativeMethodAccessorImpl.invoke0(Native Method)
	at sun.reflect.NativeMethodAccessorImpl.invoke(NativeMethodAccessorImpl.java:57)
	at sun.reflect.DelegatingMethodAccessorImpl.invoke(DelegatingMethodAccessorImpl.java:43)
	at java.lang.reflect.Method.invoke(Method.java:606)
	at org.junit.runners.model.FrameworkMethod$1.runReflectiveCall(FrameworkMethod.java:50)
	at org.junit.internal.runners.model.ReflectiveCallable.run(ReflectiveCallable.java:12)
	at org.junit.runners.model.FrameworkMethod.invokeExplosively(FrameworkMethod.java:47)
	at org.junit.internal.runners.statements.InvokeMethod.evaluate(InvokeMethod.java:17)
	at org.junit.runners.ParentRunner.runLeaf(ParentRunner.java:325)
	at org.junit.runners.BlockJUnit4ClassRunner.runChild(BlockJUnit4ClassRunner.java:78)
	at org.junit.runners.BlockJUnit4ClassRunner.runChild(BlockJUnit4ClassRunner.java:57)
	at org.junit.runners.ParentRunner$3.run(ParentRunner.java:290)
	at org.junit.runners.ParentRunner$1.schedule(ParentRunner.java:71)
	at org.junit.runners.ParentRunner.runChildren(ParentRunner.java:288)
	at org.junit.runners.ParentRunner.access$000(ParentRunner.java:58)
	at org.junit.runners.ParentRunner$2.evaluate(ParentRunner.java:268)
	at org.junit.runners.ParentRunner.run(ParentRunner.java:363)
	at org.apache.maven.surefire.junit4.JUnit4TestSet.execute(JUnit4TestSet.java:53)
	at org.apache.maven.surefire.junit4.JUnit4Provider.executeTestSet(JUnit4Provider.java:123)
	at org.apache.maven.surefire.junit4.JUnit4Provider.invoke(JUnit4Provider.java:104)
	at sun.reflect.NativeMethodAccessorImpl.invoke0(Native Method)
	at sun.reflect.NativeMethodAccessorImpl.invoke(NativeMethodAccessorImpl.java:57)
	at sun.reflect.DelegatingMethodAccessorImpl.invoke(DelegatingMethodAccessorImpl.java:43)
	at java.lang.reflect.Method.invoke(Method.java:606)
	at org.apache.maven.surefire.util.ReflectionUtils.invokeMethodWithArray(ReflectionUtils.java:164)
	at org.apache.maven.surefire.booter.ProviderFactory$ProviderProxy.invoke(ProviderFactory.java:110)
	at org.apache.maven.surefire.booter.SurefireStarter.invokeProvider(SurefireStarter.java:175)
	at org.apache.maven.surefire.booter.SurefireStarter.runSuitesInProcessWhenForked(SurefireStarter.java:107)
	at org.apache.maven.surefire.booter.ForkedBooter.main(ForkedBooter.java:68)
Caused by: java.lang.IllegalArgumentException: Could not resolve placeholder &apos;jdbc.username&apos; in string value &quot;${jdbc.username}&quot;
	at org.springframework.util.PropertyPlaceholderHelper.parseStringValue(PropertyPlaceholderHelper.java:174)
	at org.springframework.util.PropertyPlaceholderHelper.replacePlaceholders(PropertyPlaceholderHelper.java:126)
	at org.springframework.core.env.AbstractPropertyResolver.doResolvePlaceholders(AbstractPropertyResolver.java:204)
	at org.springframework.core.env.AbstractPropertyResolver.resolveRequiredPlaceholders(AbstractPropertyResolver.java:178)
	at org.springframework.context.support.PropertySourcesPlaceholderConfigurer$2.resolveStringValue(PropertySourcesPlaceholderConfigurer.java:175)
	at org.springframework.beans.factory.config.BeanDefinitionVisitor.resolveStringValue(BeanDefinitionVisitor.java:282)
	at org.springframework.beans.factory.config.BeanDefinitionVisitor.resolveValue(BeanDefinitionVisitor.java:204)
	at org.springframework.beans.factory.config.BeanDefinitionVisitor.visitPropertyValues(BeanDefinitionVisitor.java:141)
	at org.springframework.beans.factory.config.BeanDefinitionVisitor.visitBeanDefinition(BeanDefinitionVisitor.java:82)
	at org.springframework.beans.factory.config.PlaceholderConfigurerSupport.doProcessProperties(PlaceholderConfigurerSupport.java:208)
	... 38 more
</error>
    <system-out>2019-04-24 12:00:42,776 [main] [org.springframework.core.env.StandardEnvironment]-[DEBUG] Adding [systemProperties] PropertySource with lowest search precedence
2019-04-24 12:00:42,780 [main] [org.springframework.core.env.StandardEnvironment]-[DEBUG] Adding [systemEnvironment] PropertySource with lowest search precedence
2019-04-24 12:00:42,780 [main] [org.springframework.core.env.StandardEnvironment]-[DEBUG] Initialized StandardEnvironment with PropertySources [systemProperties,systemEnvironment]
2019-04-24 12:00:42,785 [main] [org.springframework.context.support.ClassPathXmlApplicationContext]-[INFO] Refreshing org.springframework.context.support.ClassPathXmlApplicationContext@7f1a594c: startup date [Wed Apr 24 12:00:42 CST 2019]; root of context hierarchy
2019-04-24 12:00:42,875 [main] [org.springframework.core.env.StandardEnvironment]-[DEBUG] Adding [systemProperties] PropertySource with lowest search precedence
2019-04-24 12:00:42,876 [main] [org.springframework.core.env.StandardEnvironment]-[DEBUG] Adding [systemEnvironment] PropertySource with lowest search precedence
2019-04-24 12:00:42,876 [main] [org.springframework.core.env.StandardEnvironment]-[DEBUG] Initialized StandardEnvironment with PropertySources [systemProperties,systemEnvironment]
2019-04-24 12:00:42,902 [main] [org.springframework.core.io.support.PathMatchingResourcePatternResolver]-[DEBUG] Looking for matching resources in directory tree [D:\aaaaa\��ĿԴ��\taotao-manager\taotao-manager-web\target\classes\spring]
2019-04-24 12:00:42,903 [main] [org.springframework.core.io.support.PathMatchingResourcePatternResolver]-[DEBUG] Searching directory [D:\aaaaa\��ĿԴ��\taotao-manager\taotao-manager-web\target\classes\spring] for files matching pattern [D:/aaaaa/��ĿԴ��/taotao-manager/taotao-manager-web/target/classes/spring/applicationContext-*.xml]
2019-04-24 12:00:42,908 [main] [org.springframework.core.io.support.PathMatchingResourcePatternResolver]-[DEBUG] Resolved location pattern [classpath:spring/applicationContext-*.xml] to resources [file [D:\aaaaa\��ĿԴ��\taotao-manager\taotao-manager-web\target\classes\spring\applicationContext-dao.xml], file [D:\aaaaa\��ĿԴ��\taotao-manager\taotao-manager-web\target\classes\spring\applicationContext-service.xml], file [D:\aaaaa\��ĿԴ��\taotao-manager\taotao-manager-web\target\classes\spring\applicationContext-trans.xml]]
2019-04-24 12:00:42,910 [main] [org.springframework.beans.factory.xml.XmlBeanDefinitionReader]-[INFO] Loading XML bean definitions from file [D:\aaaaa\��ĿԴ��\taotao-manager\taotao-manager-web\target\classes\spring\applicationContext-dao.xml]
2019-04-24 12:00:42,934 [main] [org.springframework.beans.factory.xml.DefaultDocumentLoader]-[DEBUG] Using JAXP provider [com.sun.org.apache.xerces.internal.jaxp.DocumentBuilderFactoryImpl]
2019-04-24 12:00:42,978 [main] [org.springframework.beans.factory.xml.PluggableSchemaResolver]-[DEBUG] Loading schema mappings from [META-INF/spring.schemas]
2019-04-24 12:00:42,985 [main] [org.springframework.beans.factory.xml.PluggableSchemaResolver]-[DEBUG] Loaded schema mappings: {http://www.springframework.org/schema/tx/spring-tx-2.5.xsd=org/springframework/transaction/config/spring-tx-2.5.xsd, http://www.springframework.org/schema/aop/spring-aop-4.1.xsd=org/springframework/aop/config/spring-aop-4.1.xsd, http://www.springframework.org/schema/context/spring-context-3.1.xsd=org/springframework/context/config/spring-context-3.1.xsd, http://www.springframework.org/schema/jdbc/spring-jdbc-4.1.xsd=org/springframework/jdbc/config/spring-jdbc-4.1.xsd, http://www.springframework.org/schema/mvc/spring-mvc-4.1.xsd=org/springframework/web/servlet/config/spring-mvc-4.1.xsd, http://www.springframework.org/schema/util/spring-util-3.0.xsd=org/springframework/beans/factory/xml/spring-util-3.0.xsd, http://www.springframework.org/schema/tool/spring-tool.xsd=org/springframework/beans/factory/xml/spring-tool-4.1.xsd, http://www.springframework.org/schema/aop/spring-aop-3.2.xsd=org/springframework/aop/config/spring-aop-3.2.xsd, http://mybatis.org/schema/mybatis-spring-1.2.xsd=org/mybatis/spring/config/mybatis-spring-1.2.xsd, http://www.springframework.org/schema/lang/spring-lang-4.1.xsd=org/springframework/scripting/config/spring-lang-4.1.xsd, http://www.springframework.org/schema/context/spring-context-4.0.xsd=org/springframework/context/config/spring-context-4.0.xsd, http://www.springframework.org/schema/mvc/spring-mvc-3.2.xsd=org/springframework/web/servlet/config/spring-mvc-3.2.xsd, http://www.springframework.org/schema/tool/spring-tool-4.1.xsd=org/springframework/beans/factory/xml/spring-tool-4.1.xsd, http://www.springframework.org/schema/lang/spring-lang-3.2.xsd=org/springframework/scripting/config/spring-lang-3.2.xsd, http://www.springframework.org/schema/cache/spring-cache-3.2.xsd=org/springframework/cache/config/spring-cache-3.2.xsd, http://www.springframework.org/schema/jee/spring-jee-4.1.xsd=org/springframework/ejb/config/spring-jee-4.1.xsd, http://www.springframework.org/schema/jdbc/spring-jdbc-3.1.xsd=org/springframework/jdbc/config/spring-jdbc-3.1.xsd, http://www.springframework.org/schema/util/spring-util-2.0.xsd=org/springframework/beans/factory/xml/spring-util-2.0.xsd, http://www.springframework.org/schema/tool/spring-tool-3.2.xsd=org/springframework/beans/factory/xml/spring-tool-3.2.xsd, http://www.springframework.org/schema/context/spring-context.xsd=org/springframework/context/config/spring-context-4.1.xsd, http://www.springframework.org/schema/cache/spring-cache-4.1.xsd=org/springframework/cache/config/spring-cache-4.1.xsd, http://www.springframework.org/schema/aop/spring-aop-4.0.xsd=org/springframework/aop/config/spring-aop-4.0.xsd, http://www.springframework.org/schema/jee/spring-jee-3.2.xsd=org/springframework/ejb/config/spring-jee-3.2.xsd, http://www.springframework.org/schema/context/spring-context-3.0.xsd=org/springframework/context/config/spring-context-3.0.xsd, http://www.springframework.org/schema/jdbc/spring-jdbc-4.0.xsd=org/springframework/jdbc/config/spring-jdbc-4.0.xsd, http://www.springframework.org/schema/mvc/spring-mvc-4.0.xsd=org/springframework/web/servlet/config/spring-mvc-4.0.xsd, http://www.springframework.org/schema/util/spring-util-2.5.xsd=org/springframework/beans/factory/xml/spring-util-2.5.xsd, http://www.springframework.org/schema/beans/spring-beans-3.2.xsd=org/springframework/beans/factory/xml/spring-beans-3.2.xsd, http://www.springframework.org/schema/aop/spring-aop-3.1.xsd=org/springframework/aop/config/spring-aop-3.1.xsd, http://www.springframework.org/schema/lang/spring-lang-4.0.xsd=org/springframework/scripting/config/spring-lang-4.0.xsd, http://www.springframework.org/schema/mvc/spring-mvc.xsd=org/springframework/web/servlet/config/spring-mvc-4.1.xsd, http://www.springframework.org/schema/mvc/spring-mvc-3.1.xsd=org/springframework/web/servlet/config/spring-mvc-3.1.xsd, http://www.springframework.org/schema/beans/spring-beans-4.1.xsd=org/springframework/beans/factory/xml/spring-beans-4.1.xsd, http://www.springframework.org/schema/tool/spring-tool-4.0.xsd=org/springframework/beans/factory/xml/spring-tool-4.0.xsd, http://www.springframework.org/schema/tx/spring-tx-3.2.xsd=org/springframework/transaction/config/spring-tx-3.2.xsd, http://www.springframework.org/schema/lang/spring-lang-3.1.xsd=org/springframework/scripting/config/spring-lang-3.1.xsd, http://www.springframework.org/schema/cache/spring-cache-3.1.xsd=org/springframework/cache/config/spring-cache-3.1.xsd, http://www.springframework.org/schema/jee/spring-jee-4.0.xsd=org/springframework/ejb/config/spring-jee-4.0.xsd, http://www.springframework.org/schema/jdbc/spring-jdbc-3.0.xsd=org/springframework/jdbc/config/spring-jdbc-3.0.xsd, http://www.springframework.org/schema/task/spring-task-4.1.xsd=org/springframework/scheduling/config/spring-task-4.1.xsd, http://www.springframework.org/schema/jdbc/spring-jdbc.xsd=org/springframework/jdbc/config/spring-jdbc-4.1.xsd, http://www.springframework.org/schema/tool/spring-tool-3.1.xsd=org/springframework/beans/factory/xml/spring-tool-3.1.xsd, http://www.springframework.org/schema/tx/spring-tx-4.1.xsd=org/springframework/transaction/config/spring-tx-4.1.xsd, http://www.springframework.org/schema/cache/spring-cache-4.0.xsd=org/springframework/cache/config/spring-cache-4.0.xsd, http://www.springframework.org/schema/jee/spring-jee-3.1.xsd=org/springframework/ejb/config/spring-jee-3.1.xsd, http://www.springframework.org/schema/task/spring-task-3.2.xsd=org/springframework/scheduling/config/spring-task-3.2.xsd, http://www.springframework.org/schema/beans/spring-beans-3.1.xsd=org/springframework/beans/factory/xml/spring-beans-3.1.xsd, http://www.springframework.org/schema/util/spring-util.xsd=org/springframework/beans/factory/xml/spring-util-4.1.xsd, http://www.springframework.org/schema/aop/spring-aop-3.0.xsd=org/springframework/aop/config/spring-aop-3.0.xsd, http://www.springframework.org/schema/mvc/spring-mvc-3.0.xsd=org/springframework/web/servlet/config/spring-mvc-3.0.xsd, http://www.springframework.org/schema/beans/spring-beans-4.0.xsd=org/springframework/beans/factory/xml/spring-beans-4.0.xsd, http://www.springframework.org/schema/beans/spring-beans.xsd=org/springframework/beans/factory/xml/spring-beans-4.1.xsd, http://www.springframework.org/schema/tx/spring-tx-3.1.xsd=org/springframework/transaction/config/spring-tx-3.1.xsd, http://www.springframework.org/schema/lang/spring-lang-3.0.xsd=org/springframework/scripting/config/spring-lang-3.0.xsd, http://mybatis.org/schema/mybatis-spring.xsd=org/mybatis/spring/config/mybatis-spring-1.2.xsd, http://www.springframework.org/schema/context/spring-context-2.5.xsd=org/springframework/context/config/spring-context-2.5.xsd, http://www.springframework.org/schema/task/spring-task-4.0.xsd=org/springframework/scheduling/config/spring-task-4.0.xsd, http://www.springframework.org/schema/tool/spring-tool-3.0.xsd=org/springframework/beans/factory/xml/spring-tool-3.0.xsd, http://www.springframework.org/schema/tx/spring-tx-4.0.xsd=org/springframework/transaction/config/spring-tx-4.0.xsd, http://www.springframework.org/schema/aop/spring-aop-2.0.xsd=org/springframework/aop/config/spring-aop-2.0.xsd, http://www.springframework.org/schema/jee/spring-jee-3.0.xsd=org/springframework/ejb/config/spring-jee-3.0.xsd, http://www.springframework.org/schema/util/spring-util-4.1.xsd=org/springframework/beans/factory/xml/spring-util-4.1.xsd, http://www.springframework.org/schema/task/spring-task-3.1.xsd=org/springframework/scheduling/config/spring-task-3.1.xsd, http://www.springframework.org/schema/beans/spring-beans-3.0.xsd=org/springframework/beans/factory/xml/spring-beans-3.0.xsd, http://www.springframework.org/schema/jee/spring-jee.xsd=org/springframework/ejb/config/spring-jee-4.1.xsd, http://www.springframework.org/schema/aop/spring-aop-2.5.xsd=org/springframework/aop/config/spring-aop-2.5.xsd, http://www.springframework.org/schema/lang/spring-lang-2.0.xsd=org/springframework/scripting/config/spring-lang-2.0.xsd, http://www.springframework.org/schema/util/spring-util-3.2.xsd=org/springframework/beans/factory/xml/spring-util-3.2.xsd, http://www.springframework.org/schema/task/spring-task.xsd=org/springframework/scheduling/config/spring-task-4.1.xsd, http://www.springframework.org/schema/tool/spring-tool-2.0.xsd=org/springframework/beans/factory/xml/spring-tool-2.0.xsd, http://www.springframework.org/schema/tx/spring-tx-3.0.xsd=org/springframework/transaction/config/spring-tx-3.0.xsd, http://www.springframework.org/schema/lang/spring-lang-2.5.xsd=org/springframework/scripting/config/spring-lang-2.5.xsd, http://www.springframework.org/schema/jee/spring-jee-2.0.xsd=org/springframework/ejb/config/spring-jee-2.0.xsd, http://www.springframework.org/schema/tool/spring-tool-2.5.xsd=org/springframework/beans/factory/xml/spring-tool-2.5.xsd, http://www.springframework.org/schema/jee/spring-jee-2.5.xsd=org/springframework/ejb/config/spring-jee-2.5.xsd, http://www.springframework.org/schema/util/spring-util-4.0.xsd=org/springframework/beans/factory/xml/spring-util-4.0.xsd, http://www.springframework.org/schema/task/spring-task-3.0.xsd=org/springframework/scheduling/config/spring-task-3.0.xsd, http://www.springframework.org/schema/lang/spring-lang.xsd=org/springframework/scripting/config/spring-lang-4.1.xsd, http://www.springframework.org/schema/context/spring-context-3.2.xsd=org/springframework/context/config/spring-context-3.2.xsd, http://www.springframework.org/schema/util/spring-util-3.1.xsd=org/springframework/beans/factory/xml/spring-util-3.1.xsd, http://www.springframework.org/schema/beans/spring-beans-2.0.xsd=org/springframework/beans/factory/xml/spring-beans-2.0.xsd, http://www.springframework.org/schema/cache/spring-cache.xsd=org/springframework/cache/config/spring-cache-4.1.xsd, http://www.springframework.org/schema/tx/spring-tx.xsd=org/springframework/transaction/config/spring-tx-4.1.xsd, http://www.springframework.org/schema/context/spring-context-4.1.xsd=org/springframework/context/config/spring-context-4.1.xsd, http://www.springframework.org/schema/beans/spring-beans-2.5.xsd=org/springframework/beans/factory/xml/spring-beans-2.5.xsd, http://www.springframework.org/schema/tx/spring-tx-2.0.xsd=org/springframework/transaction/config/spring-tx-2.0.xsd, http://www.springframework.org/schema/jdbc/spring-jdbc-3.2.xsd=org/springframework/jdbc/config/spring-jdbc-3.2.xsd, http://www.springframework.org/schema/aop/spring-aop.xsd=org/springframework/aop/config/spring-aop-4.1.xsd}
2019-04-24 12:00:42,993 [main] [org.springframework.beans.factory.xml.PluggableSchemaResolver]-[DEBUG] Found XML schema [http://www.springframework.org/schema/beans/spring-beans-4.0.xsd] in classpath: org/springframework/beans/factory/xml/spring-beans-4.0.xsd
2019-04-24 12:00:43,074 [main] [org.springframework.beans.factory.xml.PluggableSchemaResolver]-[DEBUG] Found XML schema [http://www.springframework.org/schema/context/spring-context-4.0.xsd] in classpath: org/springframework/context/config/spring-context-4.0.xsd
2019-04-24 12:00:43,086 [main] [org.springframework.beans.factory.xml.PluggableSchemaResolver]-[DEBUG] Found XML schema [http://www.springframework.org/schema/tool/spring-tool-4.0.xsd] in classpath: org/springframework/beans/factory/xml/spring-tool-4.0.xsd
2019-04-24 12:00:43,100 [main] [org.springframework.beans.factory.xml.DefaultBeanDefinitionDocumentReader]-[DEBUG] Loading bean definitions
2019-04-24 12:00:43,117 [main] [org.springframework.beans.factory.xml.DefaultNamespaceHandlerResolver]-[DEBUG] Loaded NamespaceHandler mappings: {http://www.springframework.org/schema/p=org.springframework.beans.factory.xml.SimplePropertyNamespaceHandler, http://www.springframework.org/schema/mvc=org.springframework.web.servlet.config.MvcNamespaceHandler, http://www.springframework.org/schema/util=org.springframework.beans.factory.xml.UtilNamespaceHandler, http://www.springframework.org/schema/jee=org.springframework.ejb.config.JeeNamespaceHandler, http://www.springframework.org/schema/aop=org.springframework.aop.config.AopNamespaceHandler, http://www.springframework.org/schema/jdbc=org.springframework.jdbc.config.JdbcNamespaceHandler, http://www.springframework.org/schema/cache=org.springframework.cache.config.CacheNamespaceHandler, http://mybatis.org/schema/mybatis-spring=org.mybatis.spring.config.NamespaceHandler, http://www.springframework.org/schema/c=org.springframework.beans.factory.xml.SimpleConstructorNamespaceHandler, http://www.springframework.org/schema/tx=org.springframework.transaction.config.TxNamespaceHandler, http://www.springframework.org/schema/task=org.springframework.scheduling.config.TaskNamespaceHandler, http://www.springframework.org/schema/lang=org.springframework.scripting.config.LangNamespaceHandler, http://www.springframework.org/schema/context=org.springframework.context.config.ContextNamespaceHandler}
2019-04-24 12:00:43,155 [main] [org.springframework.beans.factory.xml.BeanDefinitionParserDelegate]-[DEBUG] Neither XML &apos;id&apos; nor &apos;name&apos; specified - using generated bean name [org.mybatis.spring.mapper.MapperScannerConfigurer#0]
2019-04-24 12:00:43,156 [main] [org.springframework.beans.factory.xml.XmlBeanDefinitionReader]-[INFO] Loading XML bean definitions from file [D:\aaaaa\��ĿԴ��\taotao-manager\taotao-manager-web\target\classes\spring\applicationContext-service.xml]
2019-04-24 12:00:43,158 [main] [org.springframework.beans.factory.xml.DefaultDocumentLoader]-[DEBUG] Using JAXP provider [com.sun.org.apache.xerces.internal.jaxp.DocumentBuilderFactoryImpl]
2019-04-24 12:00:43,163 [main] [org.springframework.beans.factory.xml.PluggableSchemaResolver]-[DEBUG] Found XML schema [http://www.springframework.org/schema/beans/spring-beans-4.0.xsd] in classpath: org/springframework/beans/factory/xml/spring-beans-4.0.xsd
2019-04-24 12:00:43,204 [main] [org.springframework.beans.factory.xml.PluggableSchemaResolver]-[DEBUG] Found XML schema [http://www.springframework.org/schema/context/spring-context-4.0.xsd] in classpath: org/springframework/context/config/spring-context-4.0.xsd
2019-04-24 12:00:43,218 [main] [org.springframework.beans.factory.xml.PluggableSchemaResolver]-[DEBUG] Found XML schema [http://www.springframework.org/schema/tool/spring-tool-4.0.xsd] in classpath: org/springframework/beans/factory/xml/spring-tool-4.0.xsd
2019-04-24 12:00:43,232 [main] [org.springframework.beans.factory.xml.DefaultBeanDefinitionDocumentReader]-[DEBUG] Loading bean definitions
2019-04-24 12:00:43,244 [main] [org.springframework.core.env.StandardEnvironment]-[DEBUG] Adding [systemProperties] PropertySource with lowest search precedence
2019-04-24 12:00:43,245 [main] [org.springframework.core.env.StandardEnvironment]-[DEBUG] Adding [systemEnvironment] PropertySource with lowest search precedence
2019-04-24 12:00:43,245 [main] [org.springframework.core.env.StandardEnvironment]-[DEBUG] Initialized StandardEnvironment with PropertySources [systemProperties,systemEnvironment]
2019-04-24 12:00:43,273 [main] [org.springframework.core.io.support.PathMatchingResourcePatternResolver]-[DEBUG] Looking for matching resources in jar file [file:/D:/aaaaa/MavenRepository/.m2/repository/com/taotao/taotao-manager-service/0.0.1-SNAPSHOT/taotao-manager-service-0.0.1-SNAPSHOT.jar]
2019-04-24 12:00:43,277 [main] [org.springframework.core.io.support.PathMatchingResourcePatternResolver]-[DEBUG] Resolved location pattern [classpath*:com/taotao/service/**/*.class] to resources [URL [jar:file:/D:/aaaaa/MavenRepository/.m2/repository/com/taotao/taotao-manager-service/0.0.1-SNAPSHOT/taotao-manager-service-0.0.1-SNAPSHOT.jar!/com/taotao/service/ContentCategoryService.class], URL [jar:file:/D:/aaaaa/MavenRepository/.m2/repository/com/taotao/taotao-manager-service/0.0.1-SNAPSHOT/taotao-manager-service-0.0.1-SNAPSHOT.jar!/com/taotao/service/ContentService.class], URL [jar:file:/D:/aaaaa/MavenRepository/.m2/repository/com/taotao/taotao-manager-service/0.0.1-SNAPSHOT/taotao-manager-service-0.0.1-SNAPSHOT.jar!/com/taotao/service/impl/ContentCategoryServiceImpl.class], URL [jar:file:/D:/aaaaa/MavenRepository/.m2/repository/com/taotao/taotao-manager-service/0.0.1-SNAPSHOT/taotao-manager-service-0.0.1-SNAPSHOT.jar!/com/taotao/service/impl/ContentServiceImpl.class], URL [jar:file:/D:/aaaaa/MavenRepository/.m2/repository/com/taotao/taotao-manager-service/0.0.1-SNAPSHOT/taotao-manager-service-0.0.1-SNAPSHOT.jar!/com/taotao/service/impl/ItemCatServiceImpl.class], URL [jar:file:/D:/aaaaa/MavenRepository/.m2/repository/com/taotao/taotao-manager-service/0.0.1-SNAPSHOT/taotao-manager-service-0.0.1-SNAPSHOT.jar!/com/taotao/service/impl/ItemParamItemServiceImpl.class], URL [jar:file:/D:/aaaaa/MavenRepository/.m2/repository/com/taotao/taotao-manager-service/0.0.1-SNAPSHOT/taotao-manager-service-0.0.1-SNAPSHOT.jar!/com/taotao/service/impl/ItemParamServiceImpl.class], URL [jar:file:/D:/aaaaa/MavenRepository/.m2/repository/com/taotao/taotao-manager-service/0.0.1-SNAPSHOT/taotao-manager-service-0.0.1-SNAPSHOT.jar!/com/taotao/service/impl/ItemServiceImpl.class], URL [jar:file:/D:/aaaaa/MavenRepository/.m2/repository/com/taotao/taotao-manager-service/0.0.1-SNAPSHOT/taotao-manager-service-0.0.1-SNAPSHOT.jar!/com/taotao/service/impl/PictureServiceImpl.class], URL [jar:file:/D:/aaaaa/MavenRepository/.m2/repository/com/taotao/taotao-manager-service/0.0.1-SNAPSHOT/taotao-manager-service-0.0.1-SNAPSHOT.jar!/com/taotao/service/ItemCatService.class], URL [jar:file:/D:/aaaaa/MavenRepository/.m2/repository/com/taotao/taotao-manager-service/0.0.1-SNAPSHOT/taotao-manager-service-0.0.1-SNAPSHOT.jar!/com/taotao/service/ItemParamItemService.class], URL [jar:file:/D:/aaaaa/MavenRepository/.m2/repository/com/taotao/taotao-manager-service/0.0.1-SNAPSHOT/taotao-manager-service-0.0.1-SNAPSHOT.jar!/com/taotao/service/ItemParamService.class], URL [jar:file:/D:/aaaaa/MavenRepository/.m2/repository/com/taotao/taotao-manager-service/0.0.1-SNAPSHOT/taotao-manager-service-0.0.1-SNAPSHOT.jar!/com/taotao/service/ItemService.class], URL [jar:file:/D:/aaaaa/MavenRepository/.m2/repository/com/taotao/taotao-manager-service/0.0.1-SNAPSHOT/taotao-manager-service-0.0.1-SNAPSHOT.jar!/com/taotao/service/PictureService.class]]
2019-04-24 12:00:43,367 [main] [org.springframework.context.annotation.ClassPathBeanDefinitionScanner]-[DEBUG] Identified candidate component class: URL [jar:file:/D:/aaaaa/MavenRepository/.m2/repository/com/taotao/taotao-manager-service/0.0.1-SNAPSHOT/taotao-manager-service-0.0.1-SNAPSHOT.jar!/com/taotao/service/impl/ContentCategoryServiceImpl.class]
2019-04-24 12:00:43,369 [main] [org.springframework.context.annotation.ClassPathBeanDefinitionScanner]-[DEBUG] Identified candidate component class: URL [jar:file:/D:/aaaaa/MavenRepository/.m2/repository/com/taotao/taotao-manager-service/0.0.1-SNAPSHOT/taotao-manager-service-0.0.1-SNAPSHOT.jar!/com/taotao/service/impl/ContentServiceImpl.class]
2019-04-24 12:00:43,371 [main] [org.springframework.context.annotation.ClassPathBeanDefinitionScanner]-[DEBUG] Identified candidate component class: URL [jar:file:/D:/aaaaa/MavenRepository/.m2/repository/com/taotao/taotao-manager-service/0.0.1-SNAPSHOT/taotao-manager-service-0.0.1-SNAPSHOT.jar!/com/taotao/service/impl/ItemCatServiceImpl.class]
2019-04-24 12:00:43,373 [main] [org.springframework.context.annotation.ClassPathBeanDefinitionScanner]-[DEBUG] Identified candidate component class: URL [jar:file:/D:/aaaaa/MavenRepository/.m2/repository/com/taotao/taotao-manager-service/0.0.1-SNAPSHOT/taotao-manager-service-0.0.1-SNAPSHOT.jar!/com/taotao/service/impl/ItemParamItemServiceImpl.class]
2019-04-24 12:00:43,374 [main] [org.springframework.context.annotation.ClassPathBeanDefinitionScanner]-[DEBUG] Identified candidate component class: URL [jar:file:/D:/aaaaa/MavenRepository/.m2/repository/com/taotao/taotao-manager-service/0.0.1-SNAPSHOT/taotao-manager-service-0.0.1-SNAPSHOT.jar!/com/taotao/service/impl/ItemParamServiceImpl.class]
2019-04-24 12:00:43,376 [main] [org.springframework.context.annotation.ClassPathBeanDefinitionScanner]-[DEBUG] Identified candidate component class: URL [jar:file:/D:/aaaaa/MavenRepository/.m2/repository/com/taotao/taotao-manager-service/0.0.1-SNAPSHOT/taotao-manager-service-0.0.1-SNAPSHOT.jar!/com/taotao/service/impl/ItemServiceImpl.class]
2019-04-24 12:00:43,378 [main] [org.springframework.context.annotation.ClassPathBeanDefinitionScanner]-[DEBUG] Identified candidate component class: URL [jar:file:/D:/aaaaa/MavenRepository/.m2/repository/com/taotao/taotao-manager-service/0.0.1-SNAPSHOT/taotao-manager-service-0.0.1-SNAPSHOT.jar!/com/taotao/service/impl/PictureServiceImpl.class]
2019-04-24 12:00:43,424 [main] [org.springframework.beans.factory.xml.XmlBeanDefinitionReader]-[INFO] Loading XML bean definitions from file [D:\aaaaa\��ĿԴ��\taotao-manager\taotao-manager-web\target\classes\spring\applicationContext-trans.xml]
2019-04-24 12:00:43,426 [main] [org.springframework.beans.factory.xml.DefaultDocumentLoader]-[DEBUG] Using JAXP provider [com.sun.org.apache.xerces.internal.jaxp.DocumentBuilderFactoryImpl]
2019-04-24 12:00:43,429 [main] [org.springframework.beans.factory.xml.PluggableSchemaResolver]-[DEBUG] Found XML schema [http://www.springframework.org/schema/beans/spring-beans-4.0.xsd] in classpath: org/springframework/beans/factory/xml/spring-beans-4.0.xsd
2019-04-24 12:00:43,468 [main] [org.springframework.beans.factory.xml.PluggableSchemaResolver]-[DEBUG] Found XML schema [http://www.springframework.org/schema/tx/spring-tx-4.0.xsd] in classpath: org/springframework/transaction/config/spring-tx-4.0.xsd
2019-04-24 12:00:43,480 [main] [org.springframework.beans.factory.xml.PluggableSchemaResolver]-[DEBUG] Found XML schema [http://www.springframework.org/schema/tool/spring-tool-4.0.xsd] in classpath: org/springframework/beans/factory/xml/spring-tool-4.0.xsd
2019-04-24 12:00:43,493 [main] [org.springframework.beans.factory.xml.PluggableSchemaResolver]-[DEBUG] Found XML schema [http://www.springframework.org/schema/aop/spring-aop-4.0.xsd] in classpath: org/springframework/aop/config/spring-aop-4.0.xsd
2019-04-24 12:00:43,504 [main] [org.springframework.beans.factory.xml.DefaultBeanDefinitionDocumentReader]-[DEBUG] Loading bean definitions
2019-04-24 12:00:43,572 [main] [org.springframework.beans.factory.xml.XmlBeanDefinitionReader]-[DEBUG] Loaded 19 bean definitions from location pattern [classpath:spring/applicationContext-*.xml]
2019-04-24 12:00:43,572 [main] [org.springframework.context.support.ClassPathXmlApplicationContext]-[DEBUG] Bean factory for org.springframework.context.support.ClassPathXmlApplicationContext@7f1a594c: org.springframework.beans.factory.support.DefaultListableBeanFactory@1fdabf42: defining beans [org.springframework.context.support.PropertySourcesPlaceholderConfigurer#0,dataSource,sqlSessionFactory,org.mybatis.spring.mapper.MapperScannerConfigurer#0,contentCategoryServiceImpl,contentServiceImpl,itemCatServiceImpl,itemParamItemServiceImpl,itemParamServiceImpl,itemServiceImpl,pictureServiceImpl,org.springframework.context.annotation.internalConfigurationAnnotationProcessor,org.springframework.context.annotation.internalAutowiredAnnotationProcessor,org.springframework.context.annotation.internalRequiredAnnotationProcessor,org.springframework.context.annotation.internalCommonAnnotationProcessor,transactionManager,txAdvice,org.springframework.aop.config.internalAutoProxyCreator,org.springframework.aop.support.DefaultBeanFactoryPointcutAdvisor#0]; root of factory hierarchy
2019-04-24 12:00:43,666 [main] [org.springframework.beans.factory.support.DefaultListableBeanFactory]-[DEBUG] Creating shared instance of singleton bean &apos;org.springframework.context.annotation.internalConfigurationAnnotationProcessor&apos;
2019-04-24 12:00:43,666 [main] [org.springframework.beans.factory.support.DefaultListableBeanFactory]-[DEBUG] Creating instance of bean &apos;org.springframework.context.annotation.internalConfigurationAnnotationProcessor&apos;
2019-04-24 12:00:43,692 [main] [org.springframework.beans.factory.support.DefaultListableBeanFactory]-[DEBUG] Eagerly caching bean &apos;org.springframework.context.annotation.internalConfigurationAnnotationProcessor&apos; to allow for resolving potential circular references
2019-04-24 12:00:43,696 [main] [org.springframework.beans.factory.support.DefaultListableBeanFactory]-[DEBUG] Finished creating instance of bean &apos;org.springframework.context.annotation.internalConfigurationAnnotationProcessor&apos;
2019-04-24 12:00:43,841 [main] [org.springframework.beans.factory.support.DefaultListableBeanFactory]-[DEBUG] Creating shared instance of singleton bean &apos;org.mybatis.spring.mapper.MapperScannerConfigurer#0&apos;
2019-04-24 12:00:43,841 [main] [org.springframework.beans.factory.support.DefaultListableBeanFactory]-[DEBUG] Creating instance of bean &apos;org.mybatis.spring.mapper.MapperScannerConfigurer#0&apos;
2019-04-24 12:00:43,841 [main] [org.springframework.beans.factory.support.DefaultListableBeanFactory]-[DEBUG] Eagerly caching bean &apos;org.mybatis.spring.mapper.MapperScannerConfigurer#0&apos; to allow for resolving potential circular references
2019-04-24 12:00:43,915 [main] [org.springframework.beans.factory.support.DefaultListableBeanFactory]-[DEBUG] Invoking afterPropertiesSet() on bean with name &apos;org.mybatis.spring.mapper.MapperScannerConfigurer#0&apos;
2019-04-24 12:00:43,915 [main] [org.springframework.beans.factory.support.DefaultListableBeanFactory]-[DEBUG] Finished creating instance of bean &apos;org.mybatis.spring.mapper.MapperScannerConfigurer#0&apos;
2019-04-24 12:00:43,919 [main] [org.springframework.core.env.StandardEnvironment]-[DEBUG] Adding [systemProperties] PropertySource with lowest search precedence
2019-04-24 12:00:43,919 [main] [org.springframework.core.env.StandardEnvironment]-[DEBUG] Adding [systemEnvironment] PropertySource with lowest search precedence
2019-04-24 12:00:43,920 [main] [org.springframework.core.env.StandardEnvironment]-[DEBUG] Initialized StandardEnvironment with PropertySources [systemProperties,systemEnvironment]
2019-04-24 12:00:43,923 [main] [org.springframework.core.io.support.PathMatchingResourcePatternResolver]-[DEBUG] Looking for matching resources in jar file [file:/D:/aaaaa/MavenRepository/.m2/repository/com/taotao/taotao-manager-mapper/0.0.1-SNAPSHOT/taotao-manager-mapper-0.0.1-SNAPSHOT.jar]
2019-04-24 12:00:43,928 [main] [org.springframework.core.io.support.PathMatchingResourcePatternResolver]-[DEBUG] Resolved location pattern [classpath*:com/taotao/mapper/**/*.class] to resources [URL [jar:file:/D:/aaaaa/MavenRepository/.m2/repository/com/taotao/taotao-manager-mapper/0.0.1-SNAPSHOT/taotao-manager-mapper-0.0.1-SNAPSHOT.jar!/com/taotao/mapper/TbContentCategoryMapper.class], URL [jar:file:/D:/aaaaa/MavenRepository/.m2/repository/com/taotao/taotao-manager-mapper/0.0.1-SNAPSHOT/taotao-manager-mapper-0.0.1-SNAPSHOT.jar!/com/taotao/mapper/TbContentMapper.class], URL [jar:file:/D:/aaaaa/MavenRepository/.m2/repository/com/taotao/taotao-manager-mapper/0.0.1-SNAPSHOT/taotao-manager-mapper-0.0.1-SNAPSHOT.jar!/com/taotao/mapper/TbItemCatMapper.class], URL [jar:file:/D:/aaaaa/MavenRepository/.m2/repository/com/taotao/taotao-manager-mapper/0.0.1-SNAPSHOT/taotao-manager-mapper-0.0.1-SNAPSHOT.jar!/com/taotao/mapper/TbItemDescMapper.class], URL [jar:file:/D:/aaaaa/MavenRepository/.m2/repository/com/taotao/taotao-manager-mapper/0.0.1-SNAPSHOT/taotao-manager-mapper-0.0.1-SNAPSHOT.jar!/com/taotao/mapper/TbItemMapper.class], URL [jar:file:/D:/aaaaa/MavenRepository/.m2/repository/com/taotao/taotao-manager-mapper/0.0.1-SNAPSHOT/taotao-manager-mapper-0.0.1-SNAPSHOT.jar!/com/taotao/mapper/TbItemParamItemMapper.class], URL [jar:file:/D:/aaaaa/MavenRepository/.m2/repository/com/taotao/taotao-manager-mapper/0.0.1-SNAPSHOT/taotao-manager-mapper-0.0.1-SNAPSHOT.jar!/com/taotao/mapper/TbItemParamMapper.class], URL [jar:file:/D:/aaaaa/MavenRepository/.m2/repository/com/taotao/taotao-manager-mapper/0.0.1-SNAPSHOT/taotao-manager-mapper-0.0.1-SNAPSHOT.jar!/com/taotao/mapper/TbOrderItemMapper.class], URL [jar:file:/D:/aaaaa/MavenRepository/.m2/repository/com/taotao/taotao-manager-mapper/0.0.1-SNAPSHOT/taotao-manager-mapper-0.0.1-SNAPSHOT.jar!/com/taotao/mapper/TbOrderMapper.class], URL [jar:file:/D:/aaaaa/MavenRepository/.m2/repository/com/taotao/taotao-manager-mapper/0.0.1-SNAPSHOT/taotao-manager-mapper-0.0.1-SNAPSHOT.jar!/com/taotao/mapper/TbOrderShippingMapper.class], URL [jar:file:/D:/aaaaa/MavenRepository/.m2/repository/com/taotao/taotao-manager-mapper/0.0.1-SNAPSHOT/taotao-manager-mapper-0.0.1-SNAPSHOT.jar!/com/taotao/mapper/TbUserMapper.class]]
2019-04-24 12:00:43,929 [main] [org.mybatis.spring.mapper.ClassPathMapperScanner]-[DEBUG] Identified candidate component class: URL [jar:file:/D:/aaaaa/MavenRepository/.m2/repository/com/taotao/taotao-manager-mapper/0.0.1-SNAPSHOT/taotao-manager-mapper-0.0.1-SNAPSHOT.jar!/com/taotao/mapper/TbContentCategoryMapper.class]
2019-04-24 12:00:43,930 [main] [org.mybatis.spring.mapper.ClassPathMapperScanner]-[DEBUG] Identified candidate component class: URL [jar:file:/D:/aaaaa/MavenRepository/.m2/repository/com/taotao/taotao-manager-mapper/0.0.1-SNAPSHOT/taotao-manager-mapper-0.0.1-SNAPSHOT.jar!/com/taotao/mapper/TbContentMapper.class]
2019-04-24 12:00:43,933 [main] [org.mybatis.spring.mapper.ClassPathMapperScanner]-[DEBUG] Identified candidate component class: URL [jar:file:/D:/aaaaa/MavenRepository/.m2/repository/com/taotao/taotao-manager-mapper/0.0.1-SNAPSHOT/taotao-manager-mapper-0.0.1-SNAPSHOT.jar!/com/taotao/mapper/TbItemCatMapper.class]
2019-04-24 12:00:43,934 [main] [org.mybatis.spring.mapper.ClassPathMapperScanner]-[DEBUG] Identified candidate component class: URL [jar:file:/D:/aaaaa/MavenRepository/.m2/repository/com/taotao/taotao-manager-mapper/0.0.1-SNAPSHOT/taotao-manager-mapper-0.0.1-SNAPSHOT.jar!/com/taotao/mapper/TbItemDescMapper.class]
2019-04-24 12:00:43,936 [main] [org.mybatis.spring.mapper.ClassPathMapperScanner]-[DEBUG] Identified candidate component class: URL [jar:file:/D:/aaaaa/MavenRepository/.m2/repository/com/taotao/taotao-manager-mapper/0.0.1-SNAPSHOT/taotao-manager-mapper-0.0.1-SNAPSHOT.jar!/com/taotao/mapper/TbItemMapper.class]
2019-04-24 12:00:43,937 [main] [org.mybatis.spring.mapper.ClassPathMapperScanner]-[DEBUG] Identified candidate component class: URL [jar:file:/D:/aaaaa/MavenRepository/.m2/repository/com/taotao/taotao-manager-mapper/0.0.1-SNAPSHOT/taotao-manager-mapper-0.0.1-SNAPSHOT.jar!/com/taotao/mapper/TbItemParamItemMapper.class]
2019-04-24 12:00:43,938 [main] [org.mybatis.spring.mapper.ClassPathMapperScanner]-[DEBUG] Identified candidate component class: URL [jar:file:/D:/aaaaa/MavenRepository/.m2/repository/com/taotao/taotao-manager-mapper/0.0.1-SNAPSHOT/taotao-manager-mapper-0.0.1-SNAPSHOT.jar!/com/taotao/mapper/TbItemParamMapper.class]
2019-04-24 12:00:43,940 [main] [org.mybatis.spring.mapper.ClassPathMapperScanner]-[DEBUG] Identified candidate component class: URL [jar:file:/D:/aaaaa/MavenRepository/.m2/repository/com/taotao/taotao-manager-mapper/0.0.1-SNAPSHOT/taotao-manager-mapper-0.0.1-SNAPSHOT.jar!/com/taotao/mapper/TbOrderItemMapper.class]
2019-04-24 12:00:43,941 [main] [org.mybatis.spring.mapper.ClassPathMapperScanner]-[DEBUG] Identified candidate component class: URL [jar:file:/D:/aaaaa/MavenRepository/.m2/repository/com/taotao/taotao-manager-mapper/0.0.1-SNAPSHOT/taotao-manager-mapper-0.0.1-SNAPSHOT.jar!/com/taotao/mapper/TbOrderMapper.class]
2019-04-24 12:00:43,943 [main] [org.mybatis.spring.mapper.ClassPathMapperScanner]-[DEBUG] Identified candidate component class: URL [jar:file:/D:/aaaaa/MavenRepository/.m2/repository/com/taotao/taotao-manager-mapper/0.0.1-SNAPSHOT/taotao-manager-mapper-0.0.1-SNAPSHOT.jar!/com/taotao/mapper/TbOrderShippingMapper.class]
2019-04-24 12:00:43,943 [main] [org.mybatis.spring.mapper.ClassPathMapperScanner]-[DEBUG] Identified candidate component class: URL [jar:file:/D:/aaaaa/MavenRepository/.m2/repository/com/taotao/taotao-manager-mapper/0.0.1-SNAPSHOT/taotao-manager-mapper-0.0.1-SNAPSHOT.jar!/com/taotao/mapper/TbUserMapper.class]
2019-04-24 12:00:43,944 [main] [org.mybatis.spring.mapper.ClassPathMapperScanner]-[DEBUG] Creating MapperFactoryBean with name &apos;tbContentCategoryMapper&apos; and &apos;com.taotao.mapper.TbContentCategoryMapper&apos; mapperInterface
2019-04-24 12:00:43,947 [main] [org.mybatis.spring.mapper.ClassPathMapperScanner]-[DEBUG] Enabling autowire by type for MapperFactoryBean with name &apos;tbContentCategoryMapper&apos;.
2019-04-24 12:00:43,947 [main] [org.mybatis.spring.mapper.ClassPathMapperScanner]-[DEBUG] Creating MapperFactoryBean with name &apos;tbContentMapper&apos; and &apos;com.taotao.mapper.TbContentMapper&apos; mapperInterface
2019-04-24 12:00:43,947 [main] [org.mybatis.spring.mapper.ClassPathMapperScanner]-[DEBUG] Enabling autowire by type for MapperFactoryBean with name &apos;tbContentMapper&apos;.
2019-04-24 12:00:43,947 [main] [org.mybatis.spring.mapper.ClassPathMapperScanner]-[DEBUG] Creating MapperFactoryBean with name &apos;tbItemCatMapper&apos; and &apos;com.taotao.mapper.TbItemCatMapper&apos; mapperInterface
2019-04-24 12:00:43,947 [main] [org.mybatis.spring.mapper.ClassPathMapperScanner]-[DEBUG] Enabling autowire by type for MapperFactoryBean with name &apos;tbItemCatMapper&apos;.
2019-04-24 12:00:43,947 [main] [org.mybatis.spring.mapper.ClassPathMapperScanner]-[DEBUG] Creating MapperFactoryBean with name &apos;tbItemDescMapper&apos; and &apos;com.taotao.mapper.TbItemDescMapper&apos; mapperInterface
2019-04-24 12:00:43,947 [main] [org.mybatis.spring.mapper.ClassPathMapperScanner]-[DEBUG] Enabling autowire by type for MapperFactoryBean with name &apos;tbItemDescMapper&apos;.
2019-04-24 12:00:43,948 [main] [org.mybatis.spring.mapper.ClassPathMapperScanner]-[DEBUG] Creating MapperFactoryBean with name &apos;tbItemMapper&apos; and &apos;com.taotao.mapper.TbItemMapper&apos; mapperInterface
2019-04-24 12:00:43,948 [main] [org.mybatis.spring.mapper.ClassPathMapperScanner]-[DEBUG] Enabling autowire by type for MapperFactoryBean with name &apos;tbItemMapper&apos;.
2019-04-24 12:00:43,948 [main] [org.mybatis.spring.mapper.ClassPathMapperScanner]-[DEBUG] Creating MapperFactoryBean with name &apos;tbItemParamItemMapper&apos; and &apos;com.taotao.mapper.TbItemParamItemMapper&apos; mapperInterface
2019-04-24 12:00:43,948 [main] [org.mybatis.spring.mapper.ClassPathMapperScanner]-[DEBUG] Enabling autowire by type for MapperFactoryBean with name &apos;tbItemParamItemMapper&apos;.
2019-04-24 12:00:43,948 [main] [org.mybatis.spring.mapper.ClassPathMapperScanner]-[DEBUG] Creating MapperFactoryBean with name &apos;tbItemParamMapper&apos; and &apos;com.taotao.mapper.TbItemParamMapper&apos; mapperInterface
2019-04-24 12:00:43,948 [main] [org.mybatis.spring.mapper.ClassPathMapperScanner]-[DEBUG] Enabling autowire by type for MapperFactoryBean with name &apos;tbItemParamMapper&apos;.
2019-04-24 12:00:43,948 [main] [org.mybatis.spring.mapper.ClassPathMapperScanner]-[DEBUG] Creating MapperFactoryBean with name &apos;tbOrderItemMapper&apos; and &apos;com.taotao.mapper.TbOrderItemMapper&apos; mapperInterface
2019-04-24 12:00:43,948 [main] [org.mybatis.spring.mapper.ClassPathMapperScanner]-[DEBUG] Enabling autowire by type for MapperFactoryBean with name &apos;tbOrderItemMapper&apos;.
2019-04-24 12:00:43,948 [main] [org.mybatis.spring.mapper.ClassPathMapperScanner]-[DEBUG] Creating MapperFactoryBean with name &apos;tbOrderMapper&apos; and &apos;com.taotao.mapper.TbOrderMapper&apos; mapperInterface
2019-04-24 12:00:43,948 [main] [org.mybatis.spring.mapper.ClassPathMapperScanner]-[DEBUG] Enabling autowire by type for MapperFactoryBean with name &apos;tbOrderMapper&apos;.
2019-04-24 12:00:43,948 [main] [org.mybatis.spring.mapper.ClassPathMapperScanner]-[DEBUG] Creating MapperFactoryBean with name &apos;tbOrderShippingMapper&apos; and &apos;com.taotao.mapper.TbOrderShippingMapper&apos; mapperInterface
2019-04-24 12:00:43,949 [main] [org.mybatis.spring.mapper.ClassPathMapperScanner]-[DEBUG] Enabling autowire by type for MapperFactoryBean with name &apos;tbOrderShippingMapper&apos;.
2019-04-24 12:00:43,949 [main] [org.mybatis.spring.mapper.ClassPathMapperScanner]-[DEBUG] Creating MapperFactoryBean with name &apos;tbUserMapper&apos; and &apos;com.taotao.mapper.TbUserMapper&apos; mapperInterface
2019-04-24 12:00:43,949 [main] [org.mybatis.spring.mapper.ClassPathMapperScanner]-[DEBUG] Enabling autowire by type for MapperFactoryBean with name &apos;tbUserMapper&apos;.
2019-04-24 12:00:43,958 [main] [org.springframework.beans.factory.support.DefaultListableBeanFactory]-[DEBUG] Creating shared instance of singleton bean &apos;org.springframework.context.support.PropertySourcesPlaceholderConfigurer#0&apos;
2019-04-24 12:00:43,959 [main] [org.springframework.beans.factory.support.DefaultListableBeanFactory]-[DEBUG] Creating instance of bean &apos;org.springframework.context.support.PropertySourcesPlaceholderConfigurer#0&apos;
2019-04-24 12:00:43,961 [main] [org.springframework.beans.factory.support.DefaultListableBeanFactory]-[DEBUG] Eagerly caching bean &apos;org.springframework.context.support.PropertySourcesPlaceholderConfigurer#0&apos; to allow for resolving potential circular references
2019-04-24 12:00:43,984 [main] [org.springframework.core.io.support.PathMatchingResourcePatternResolver]-[DEBUG] Looking for matching resources in directory tree [D:\aaaaa\��ĿԴ��\taotao-manager\taotao-manager-web\target\classes\resource]
2019-04-24 12:00:43,984 [main] [org.springframework.core.io.support.PathMatchingResourcePatternResolver]-[DEBUG] Searching directory [D:\aaaaa\��ĿԴ��\taotao-manager\taotao-manager-web\target\classes\resource] for files matching pattern [D:/aaaaa/��ĿԴ��/taotao-manager/taotao-manager-web/target/classes/resource/*.properties]
2019-04-24 12:00:43,987 [main] [org.springframework.core.io.support.PathMatchingResourcePatternResolver]-[DEBUG] Resolved location pattern [classpath:resource/*.properties] to resources [file [D:\aaaaa\��ĿԴ��\taotao-manager\taotao-manager-web\target\classes\resource\db.properties], file [D:\aaaaa\��ĿԴ��\taotao-manager\taotao-manager-web\target\classes\resource\resource.properties]]
2019-04-24 12:00:43,989 [main] [org.springframework.beans.factory.support.DefaultListableBeanFactory]-[DEBUG] Finished creating instance of bean &apos;org.springframework.context.support.PropertySourcesPlaceholderConfigurer#0&apos;
2019-04-24 12:00:43,990 [main] [org.springframework.core.env.MutablePropertySources]-[DEBUG] Adding [environmentProperties] PropertySource with lowest search precedence
2019-04-24 12:00:43,991 [main] [org.springframework.context.support.PropertySourcesPlaceholderConfigurer]-[INFO] Loading properties file from file [D:\aaaaa\��ĿԴ��\taotao-manager\taotao-manager-web\target\classes\resource\db.properties]
2019-04-24 12:00:43,992 [main] [org.springframework.context.support.PropertySourcesPlaceholderConfigurer]-[INFO] Loading properties file from file [D:\aaaaa\��ĿԴ��\taotao-manager\taotao-manager-web\target\classes\resource\resource.properties]
2019-04-24 12:00:43,993 [main] [org.springframework.core.env.MutablePropertySources]-[DEBUG] Adding [localProperties] PropertySource with lowest search precedence
2019-04-24 12:00:43,997 [main] [org.springframework.core.env.PropertySourcesPropertyResolver]-[DEBUG] Searching for key &apos;jdbc.url&apos; in [environmentProperties]
2019-04-24 12:00:43,998 [main] [org.springframework.core.env.PropertySourcesPropertyResolver]-[DEBUG] Searching for key &apos;jdbc.url&apos; in [systemProperties]
2019-04-24 12:00:43,998 [main] [org.springframework.core.env.PropertySourcesPropertyResolver]-[DEBUG] Searching for key &apos;jdbc.url&apos; in [systemEnvironment]
2019-04-24 12:00:43,998 [main] [org.springframework.core.env.PropertySourcesPropertyResolver]-[DEBUG] Could not find key &apos;jdbc.url&apos; in any property source. Returning [null]
2019-04-24 12:00:43,998 [main] [org.springframework.core.env.PropertySourcesPropertyResolver]-[DEBUG] Searching for key &apos;jdbc.url&apos; in [localProperties]
2019-04-24 12:00:43,999 [main] [org.springframework.core.env.PropertySourcesPropertyResolver]-[DEBUG] Found key &apos;jdbc.url&apos; in [localProperties] with type [String] and value &apos;jdbc:mysql://127.0.0.1:3306/taotao?useUnicode=true&amp;characterEncoding=UTF8&amp;user=root&amp;password=123456&apos;
2019-04-24 12:00:44,001 [main] [org.springframework.core.env.PropertySourcesPropertyResolver]-[DEBUG] Searching for key &apos;jdbc.username&apos; in [environmentProperties]
2019-04-24 12:00:44,001 [main] [org.springframework.core.env.PropertySourcesPropertyResolver]-[DEBUG] Searching for key &apos;jdbc.username&apos; in [systemProperties]
2019-04-24 12:00:44,001 [main] [org.springframework.core.env.PropertySourcesPropertyResolver]-[DEBUG] Searching for key &apos;jdbc.username&apos; in [systemEnvironment]
2019-04-24 12:00:44,002 [main] [org.springframework.core.env.PropertySourcesPropertyResolver]-[DEBUG] Could not find key &apos;jdbc.username&apos; in any property source. Returning [null]
2019-04-24 12:00:44,002 [main] [org.springframework.core.env.PropertySourcesPropertyResolver]-[DEBUG] Searching for key &apos;jdbc.username&apos; in [localProperties]
2019-04-24 12:00:44,002 [main] [org.springframework.core.env.PropertySourcesPropertyResolver]-[DEBUG] Could not find key &apos;jdbc.username&apos; in any property source. Returning [null]
2019-04-24 12:00:44,005 [main] [org.springframework.context.support.ClassPathXmlApplicationContext]-[WARN] Exception encountered during context initialization - cancelling refresh attempt
org.springframework.beans.factory.BeanDefinitionStoreException: Invalid bean definition with name &apos;dataSource&apos; defined in file [D:\aaaaa\��ĿԴ��\taotao-manager\taotao-manager-web\target\classes\spring\applicationContext-dao.xml]: Could not resolve placeholder &apos;jdbc.username&apos; in string value &quot;${jdbc.username}&quot;; nested exception is java.lang.IllegalArgumentException: Could not resolve placeholder &apos;jdbc.username&apos; in string value &quot;${jdbc.username}&quot;
	at org.springframework.beans.factory.config.PlaceholderConfigurerSupport.doProcessProperties(PlaceholderConfigurerSupport.java:211)
	at org.springframework.context.support.PropertySourcesPlaceholderConfigurer.processProperties(PropertySourcesPlaceholderConfigurer.java:180)
	at org.springframework.context.support.PropertySourcesPlaceholderConfigurer.postProcessBeanFactory(PropertySourcesPlaceholderConfigurer.java:155)
	at org.springframework.context.support.PostProcessorRegistrationDelegate.invokeBeanFactoryPostProcessors(PostProcessorRegistrationDelegate.java:265)
	at org.springframework.context.support.PostProcessorRegistrationDelegate.invokeBeanFactoryPostProcessors(PostProcessorRegistrationDelegate.java:162)
	at org.springframework.context.support.AbstractApplicationContext.invokeBeanFactoryPostProcessors(AbstractApplicationContext.java:606)
	at org.springframework.context.support.AbstractApplicationContext.refresh(AbstractApplicationContext.java:462)
	at org.springframework.context.support.ClassPathXmlApplicationContext.&lt;init&gt;(ClassPathXmlApplicationContext.java:139)
	at org.springframework.context.support.ClassPathXmlApplicationContext.&lt;init&gt;(ClassPathXmlApplicationContext.java:83)
	at com.taotao.controller.TestPageHelper.testPageHelper(TestPageHelper.java:20)
	at sun.reflect.NativeMethodAccessorImpl.invoke0(Native Method)
	at sun.reflect.NativeMethodAccessorImpl.invoke(NativeMethodAccessorImpl.java:57)
	at sun.reflect.DelegatingMethodAccessorImpl.invoke(DelegatingMethodAccessorImpl.java:43)
	at java.lang.reflect.Method.invoke(Method.java:606)
	at org.junit.runners.model.FrameworkMethod$1.runReflectiveCall(FrameworkMethod.java:50)
	at org.junit.internal.runners.model.ReflectiveCallable.run(ReflectiveCallable.java:12)
	at org.junit.runners.model.FrameworkMethod.invokeExplosively(FrameworkMethod.java:47)
	at org.junit.internal.runners.statements.InvokeMethod.evaluate(InvokeMethod.java:17)
	at org.junit.runners.ParentRunner.runLeaf(ParentRunner.java:325)
	at org.junit.runners.BlockJUnit4ClassRunner.runChild(BlockJUnit4ClassRunner.java:78)
	at org.junit.runners.BlockJUnit4ClassRunner.runChild(BlockJUnit4ClassRunner.java:57)
	at org.junit.runners.ParentRunner$3.run(ParentRunner.java:290)
	at org.junit.runners.ParentRunner$1.schedule(ParentRunner.java:71)
	at org.junit.runners.ParentRunner.runChildren(ParentRunner.java:288)
	at org.junit.runners.ParentRunner.access$000(ParentRunner.java:58)
	at org.junit.runners.ParentRunner$2.evaluate(ParentRunner.java:268)
	at org.junit.runners.ParentRunner.run(ParentRunner.java:363)
	at org.apache.maven.surefire.junit4.JUnit4TestSet.execute(JUnit4TestSet.java:53)
	at org.apache.maven.surefire.junit4.JUnit4Provider.executeTestSet(JUnit4Provider.java:123)
	at org.apache.maven.surefire.junit4.JUnit4Provider.invoke(JUnit4Provider.java:104)
	at sun.reflect.NativeMethodAccessorImpl.invoke0(Native Method)
	at sun.reflect.NativeMethodAccessorImpl.invoke(NativeMethodAccessorImpl.java:57)
	at sun.reflect.DelegatingMethodAccessorImpl.invoke(DelegatingMethodAccessorImpl.java:43)
	at java.lang.reflect.Method.invoke(Method.java:606)
	at org.apache.maven.surefire.util.ReflectionUtils.invokeMethodWithArray(ReflectionUtils.java:164)
	at org.apache.maven.surefire.booter.ProviderFactory$ProviderProxy.invoke(ProviderFactory.java:110)
	at org.apache.maven.surefire.booter.SurefireStarter.invokeProvider(SurefireStarter.java:175)
	at org.apache.maven.surefire.booter.SurefireStarter.runSuitesInProcessWhenForked(SurefireStarter.java:107)
	at org.apache.maven.surefire.booter.ForkedBooter.main(ForkedBooter.java:68)
Caused by: java.lang.IllegalArgumentException: Could not resolve placeholder &apos;jdbc.username&apos; in string value &quot;${jdbc.username}&quot;
	at org.springframework.util.PropertyPlaceholderHelper.parseStringValue(PropertyPlaceholderHelper.java:174)
	at org.springframework.util.PropertyPlaceholderHelper.replacePlaceholders(PropertyPlaceholderHelper.java:126)
	at org.springframework.core.env.AbstractPropertyResolver.doResolvePlaceholders(AbstractPropertyResolver.java:204)
	at org.springframework.core.env.AbstractPropertyResolver.resolveRequiredPlaceholders(AbstractPropertyResolver.java:178)
	at org.springframework.context.support.PropertySourcesPlaceholderConfigurer$2.resolveStringValue(PropertySourcesPlaceholderConfigurer.java:175)
	at org.springframework.beans.factory.config.BeanDefinitionVisitor.resolveStringValue(BeanDefinitionVisitor.java:282)
	at org.springframework.beans.factory.config.BeanDefinitionVisitor.resolveValue(BeanDefinitionVisitor.java:204)
	at org.springframework.beans.factory.config.BeanDefinitionVisitor.visitPropertyValues(BeanDefinitionVisitor.java:141)
	at org.springframework.beans.factory.config.BeanDefinitionVisitor.visitBeanDefinition(BeanDefinitionVisitor.java:82)
	at org.springframework.beans.factory.config.PlaceholderConfigurerSupport.doProcessProperties(PlaceholderConfigurerSupport.java:208)
	... 38 more
2019-04-24 12:00:44,009 [main] [org.springframework.beans.factory.support.DefaultListableBeanFactory]-[DEBUG] Destroying singletons in org.springframework.beans.factory.support.DefaultListableBeanFactory@1fdabf42: defining beans [org.springframework.context.support.PropertySourcesPlaceholderConfigurer#0,dataSource,sqlSessionFactory,org.mybatis.spring.mapper.MapperScannerConfigurer#0,contentCategoryServiceImpl,contentServiceImpl,itemCatServiceImpl,itemParamItemServiceImpl,itemParamServiceImpl,itemServiceImpl,pictureServiceImpl,org.springframework.context.annotation.internalConfigurationAnnotationProcessor,org.springframework.context.annotation.internalAutowiredAnnotationProcessor,org.springframework.context.annotation.internalRequiredAnnotationProcessor,org.springframework.context.annotation.internalCommonAnnotationProcessor,transactionManager,txAdvice,org.springframework.aop.config.internalAutoProxyCreator,org.springframework.aop.support.DefaultBeanFactoryPointcutAdvisor#0,org.springframework.context.annotation.ConfigurationClassPostProcessor.importAwareProcessor,org.springframework.context.annotation.ConfigurationClassPostProcessor.enhancedConfigurationProcessor,tbContentCategoryMapper,tbContentMapper,tbItemCatMapper,tbItemDescMapper,tbItemMapper,tbItemParamItemMapper,tbItemParamMapper,tbOrderItemMapper,tbOrderMapper,tbOrderShippingMapper,tbUserMapper]; root of factory hierarchy
</system-out>
  </testcase>
</testsuite>